This file contains any messages produced by compilers while
running configure, to aid debugging if configure makes a mistake.

It was created by PCRE2 configure 10.34-RC1, which was
generated by GNU Autoconf 2.71.  Invocation command line was

  $ ./configure --disable-shared --enable-never-backslash-C --with-match-limit=1000 --with-match-limit-recursion=1000

## --------- ##
## Platform. ##
## --------- ##

hostname = ubuntu
uname -m = x86_64
uname -r = 6.8.0-31-generic
uname -s = Linux
uname -v = #31-Ubuntu SMP PREEMPT_DYNAMIC Sat Apr 20 00:40:06 UTC 2024

/usr/bin/uname -p = x86_64
/bin/uname -X     = unknown

/bin/arch              = x86_64
/usr/bin/arch -k       = unknown
/usr/convex/getsysinfo = unknown
/usr/bin/hostinfo      = unknown
/bin/machine           = unknown
/usr/bin/oslevel       = unknown
/bin/universe          = unknown

PATH: /usr/local/sbin/
PATH: /usr/local/bin/
PATH: /usr/sbin/
PATH: /usr/bin/
PATH: /sbin/
PATH: /bin/
PATH: /usr/games/
PATH: /usr/local/games/
PATH: /snap/bin/


## ----------- ##
## Core tests. ##
## ----------- ##

configure:2663: looking for aux files: ltmain.sh config.guess config.sub ar-lib compile missing install-sh
configure:2676:  trying ./
configure:2705:   ./ltmain.sh found
configure:2705:   ./config.guess found
configure:2705:   ./config.sub found
configure:2705:   ./ar-lib found
configure:2705:   ./compile found
configure:2705:   ./missing found
configure:2687:   ./install-sh found
configure:2835: checking for a BSD-compatible install
configure:2908: result: /usr/bin/install -c
configure:2919: checking whether build environment is sane
configure:2974: result: yes
configure:3133: checking for a race-free mkdir -p
configure:3177: result: /usr/bin/mkdir -p
configure:3184: checking for gawk
configure:3219: result: no
configure:3184: checking for mawk
configure:3205: found /usr/bin/mawk
configure:3216: result: mawk
configure:3227: checking whether make sets $(MAKE)
configure:3250: result: yes
configure:3280: checking whether make supports nested variables
configure:3298: result: yes
configure:3446: checking whether make supports nested variables
configure:3464: result: yes
configure:3553: checking for gcc
configure:3585: result: clang
configure:3938: checking for C compiler version
configure:3947: clang --version >&5
clang version 9.0.0 (https://github.com/llvm-mirror/llvm c62b24f070c9a4bb1a76409e623042a740cac4cd)
Target: x86_64-unknown-linux-gnu
Thread model: posix
InstalledDir: /usr/local/bin
configure:3958: $? = 0
configure:3947: clang -v >&5
clang version 9.0.0 (https://github.com/llvm-mirror/llvm c62b24f070c9a4bb1a76409e623042a740cac4cd)
Target: x86_64-unknown-linux-gnu
Thread model: posix
InstalledDir: /usr/local/bin
Found candidate GCC installation: /usr/lib/gcc/x86_64-linux-gnu/13
Selected GCC installation: /usr/lib/gcc/x86_64-linux-gnu/13
Candidate multilib: .;@m64
Selected multilib: .;@m64
configure:3958: $? = 0
configure:3947: clang -V >&5
clang-9: error: argument to '-V' is missing (expected 1 value)
clang-9: error: no input files
configure:3958: $? = 1
configure:3947: clang -qversion >&5
clang-9: error: unknown argument '-qversion'; did you mean '--version'?
clang-9: error: no input files
configure:3958: $? = 1
configure:3947: clang -version >&5
clang-9: error: unknown argument '-version'; did you mean '--version'?
clang-9: error: no input files
configure:3958: $? = 1
configure:3978: checking whether the C compiler works
configure:4000: clang -O2 -fno-omit-frame-pointer -gline-tables-only -fsanitize=address,fuzzer-no-link -fsanitize-address-use-after-scope -DFUZZING_BUILD_MODE_UNSAFE_FOR_PRODUCTION  conftest.c  >&5
configure:4004: $? = 0
configure:4054: result: yes
configure:4057: checking for C compiler default output file name
configure:4059: result: a.out
configure:4065: checking for suffix of executables
configure:4072: clang -o conftest -O2 -fno-omit-frame-pointer -gline-tables-only -fsanitize=address,fuzzer-no-link -fsanitize-address-use-after-scope -DFUZZING_BUILD_MODE_UNSAFE_FOR_PRODUCTION  conftest.c  >&5
configure:4076: $? = 0
configure:4099: result: 
configure:4121: checking whether we are cross compiling
configure:4129: clang -o conftest -O2 -fno-omit-frame-pointer -gline-tables-only -fsanitize=address,fuzzer-no-link -fsanitize-address-use-after-scope -DFUZZING_BUILD_MODE_UNSAFE_FOR_PRODUCTION  conftest.c  >&5
configure:4133: $? = 0
configure:4140: ./conftest
configure:4144: $? = 0
configure:4159: result: no
configure:4164: checking for suffix of object files
configure:4187: clang -c -O2 -fno-omit-frame-pointer -gline-tables-only -fsanitize=address,fuzzer-no-link -fsanitize-address-use-after-scope -DFUZZING_BUILD_MODE_UNSAFE_FOR_PRODUCTION conftest.c >&5
configure:4191: $? = 0
configure:4213: result: o
configure:4217: checking whether the compiler supports GNU C
configure:4237: clang -c -O2 -fno-omit-frame-pointer -gline-tables-only -fsanitize=address,fuzzer-no-link -fsanitize-address-use-after-scope -DFUZZING_BUILD_MODE_UNSAFE_FOR_PRODUCTION conftest.c >&5
configure:4237: $? = 0
configure:4247: result: yes
configure:4258: checking whether clang accepts -g
configure:4279: clang -c -g -DFUZZING_BUILD_MODE_UNSAFE_FOR_PRODUCTION conftest.c >&5
configure:4279: $? = 0
configure:4323: result: yes
configure:4343: checking for clang option to enable C11 features
configure:4358: clang  -c -O2 -fno-omit-frame-pointer -gline-tables-only -fsanitize=address,fuzzer-no-link -fsanitize-address-use-after-scope -DFUZZING_BUILD_MODE_UNSAFE_FOR_PRODUCTION conftest.c >&5
configure:4358: $? = 0
configure:4376: result: none needed
configure:4492: checking whether clang understands -c and -o together
configure:4515: clang -c conftest.c -o conftest2.o
configure:4518: $? = 0
configure:4515: clang -c conftest.c -o conftest2.o
configure:4518: $? = 0
configure:4530: result: yes
configure:4550: checking whether make supports the include directive
configure:4565: make -f confmf.GNU && cat confinc.out
this is the am__doit target
configure:4568: $? = 0
configure:4587: result: yes (GNU style)
configure:4613: checking dependency style of clang
configure:4725: result: gcc3
configure:4746: checking for stdio.h
configure:4746: clang -c -O2 -fno-omit-frame-pointer -gline-tables-only -fsanitize=address,fuzzer-no-link -fsanitize-address-use-after-scope -DFUZZING_BUILD_MODE_UNSAFE_FOR_PRODUCTION conftest.c >&5
configure:4746: $? = 0
configure:4746: result: yes
configure:4746: checking for stdlib.h
configure:4746: clang -c -O2 -fno-omit-frame-pointer -gline-tables-only -fsanitize=address,fuzzer-no-link -fsanitize-address-use-after-scope -DFUZZING_BUILD_MODE_UNSAFE_FOR_PRODUCTION conftest.c >&5
configure:4746: $? = 0
configure:4746: result: yes
configure:4746: checking for string.h
configure:4746: clang -c -O2 -fno-omit-frame-pointer -gline-tables-only -fsanitize=address,fuzzer-no-link -fsanitize-address-use-after-scope -DFUZZING_BUILD_MODE_UNSAFE_FOR_PRODUCTION conftest.c >&5
configure:4746: $? = 0
configure:4746: result: yes
configure:4746: checking for inttypes.h
configure:4746: clang -c -O2 -fno-omit-frame-pointer -gline-tables-only -fsanitize=address,fuzzer-no-link -fsanitize-address-use-after-scope -DFUZZING_BUILD_MODE_UNSAFE_FOR_PRODUCTION conftest.c >&5
configure:4746: $? = 0
configure:4746: result: yes
configure:4746: checking for stdint.h
configure:4746: clang -c -O2 -fno-omit-frame-pointer -gline-tables-only -fsanitize=address,fuzzer-no-link -fsanitize-address-use-after-scope -DFUZZING_BUILD_MODE_UNSAFE_FOR_PRODUCTION conftest.c >&5
configure:4746: $? = 0
configure:4746: result: yes
configure:4746: checking for strings.h
configure:4746: clang -c -O2 -fno-omit-frame-pointer -gline-tables-only -fsanitize=address,fuzzer-no-link -fsanitize-address-use-after-scope -DFUZZING_BUILD_MODE_UNSAFE_FOR_PRODUCTION conftest.c >&5
configure:4746: $? = 0
configure:4746: result: yes
configure:4746: checking for sys/stat.h
configure:4746: clang -c -O2 -fno-omit-frame-pointer -gline-tables-only -fsanitize=address,fuzzer-no-link -fsanitize-address-use-after-scope -DFUZZING_BUILD_MODE_UNSAFE_FOR_PRODUCTION conftest.c >&5
configure:4746: $? = 0
configure:4746: result: yes
configure:4746: checking for sys/types.h
configure:4746: clang -c -O2 -fno-omit-frame-pointer -gline-tables-only -fsanitize=address,fuzzer-no-link -fsanitize-address-use-after-scope -DFUZZING_BUILD_MODE_UNSAFE_FOR_PRODUCTION conftest.c >&5
configure:4746: $? = 0
configure:4746: result: yes
configure:4746: checking for unistd.h
configure:4746: clang -c -O2 -fno-omit-frame-pointer -gline-tables-only -fsanitize=address,fuzzer-no-link -fsanitize-address-use-after-scope -DFUZZING_BUILD_MODE_UNSAFE_FOR_PRODUCTION conftest.c >&5
configure:4746: $? = 0
configure:4746: result: yes
configure:4746: checking for wchar.h
configure:4746: clang -c -O2 -fno-omit-frame-pointer -gline-tables-only -fsanitize=address,fuzzer-no-link -fsanitize-address-use-after-scope -DFUZZING_BUILD_MODE_UNSAFE_FOR_PRODUCTION conftest.c >&5
configure:4746: $? = 0
configure:4746: result: yes
configure:4746: checking for minix/config.h
configure:4746: clang -c -O2 -fno-omit-frame-pointer -gline-tables-only -fsanitize=address,fuzzer-no-link -fsanitize-address-use-after-scope -DFUZZING_BUILD_MODE_UNSAFE_FOR_PRODUCTION conftest.c >&5
conftest.c:49:10: fatal error: 'minix/config.h' file not found
#include <minix/config.h>
         ^~~~~~~~~~~~~~~~
1 error generated.
configure:4746: $? = 1
configure: failed program was:
| /* confdefs.h */
| #define PACKAGE_NAME "PCRE2"
| #define PACKAGE_TARNAME "pcre2"
| #define PACKAGE_VERSION "10.34-RC1"
| #define PACKAGE_STRING "PCRE2 10.34-RC1"
| #define PACKAGE_BUGREPORT ""
| #define PACKAGE_URL ""
| #define PACKAGE "pcre2"
| #define VERSION "10.34-RC1"
| #define HAVE_STDIO_H 1
| #define HAVE_STDLIB_H 1
| #define HAVE_STRING_H 1
| #define HAVE_INTTYPES_H 1
| #define HAVE_STDINT_H 1
| #define HAVE_STRINGS_H 1
| #define HAVE_SYS_STAT_H 1
| #define HAVE_SYS_TYPES_H 1
| #define HAVE_UNISTD_H 1
| #define HAVE_WCHAR_H 1
| /* end confdefs.h.  */
| #include <stddef.h>
| #ifdef HAVE_STDIO_H
| # include <stdio.h>
| #endif
| #ifdef HAVE_STDLIB_H
| # include <stdlib.h>
| #endif
| #ifdef HAVE_STRING_H
| # include <string.h>
| #endif
| #ifdef HAVE_INTTYPES_H
| # include <inttypes.h>
| #endif
| #ifdef HAVE_STDINT_H
| # include <stdint.h>
| #endif
| #ifdef HAVE_STRINGS_H
| # include <strings.h>
| #endif
| #ifdef HAVE_SYS_TYPES_H
| # include <sys/types.h>
| #endif
| #ifdef HAVE_SYS_STAT_H
| # include <sys/stat.h>
| #endif
| #ifdef HAVE_UNISTD_H
| # include <unistd.h>
| #endif
| #include <minix/config.h>
configure:4746: result: no
configure:4777: checking whether it is safe to define __EXTENSIONS__
configure:4796: clang -c -O2 -fno-omit-frame-pointer -gline-tables-only -fsanitize=address,fuzzer-no-link -fsanitize-address-use-after-scope -DFUZZING_BUILD_MODE_UNSAFE_FOR_PRODUCTION conftest.c >&5
configure:4796: $? = 0
configure:4804: result: yes
configure:4807: checking whether _XOPEN_SOURCE should be defined
configure:4829: clang -c -O2 -fno-omit-frame-pointer -gline-tables-only -fsanitize=address,fuzzer-no-link -fsanitize-address-use-after-scope -DFUZZING_BUILD_MODE_UNSAFE_FOR_PRODUCTION conftest.c >&5
configure:4829: $? = 0
configure:4856: result: no
configure:4980: checking for ar
configure:5001: found /usr/bin/ar
configure:5012: result: ar
configure:5038: checking the archiver (ar) interface
configure:5055: clang -c -O2 -fno-omit-frame-pointer -gline-tables-only -fsanitize=address,fuzzer-no-link -fsanitize-address-use-after-scope -DFUZZING_BUILD_MODE_UNSAFE_FOR_PRODUCTION conftest.c >&5
configure:5055: $? = 0
configure:5058: ar cru libconftest.a conftest.o >&5
ar: `u' modifier ignored since `D' is the default (see `U')
configure:5061: $? = 0
configure:5089: result: ar
configure:5111: checking for int64_t
configure:5111: clang -c -O2 -fno-omit-frame-pointer -gline-tables-only -fsanitize=address,fuzzer-no-link -fsanitize-address-use-after-scope -DFUZZING_BUILD_MODE_UNSAFE_FOR_PRODUCTION conftest.c >&5
configure:5111: $? = 0
configure:5111: clang -c -O2 -fno-omit-frame-pointer -gline-tables-only -fsanitize=address,fuzzer-no-link -fsanitize-address-use-after-scope -DFUZZING_BUILD_MODE_UNSAFE_FOR_PRODUCTION conftest.c >&5
conftest.c:71:53: warning: overflow in expression; result is -9223372036854775808 with type 'long' [-Winteger-overflow]
                 < (int64_t) (((((int64_t) 1 << N) << N) - 1) * 2 + 2))];
                                                                  ^
conftest.c:70:24: error: 'test_array' declared as an array with a negative size
static int test_array [1 - 2 * !((int64_t) (((((int64_t) 1 << N) << N) - 1) * 2 + 1)
                       ^~~~~~~~~~~~~~~~~~~~~~~~~~~~~~~~~~~~~~~~~~~~~~~~~~~~~~~~~~~~~
1 warning and 1 error generated.
configure:5111: $? = 1
configure: failed program was:
| /* confdefs.h */
| #define PACKAGE_NAME "PCRE2"
| #define PACKAGE_TARNAME "pcre2"
| #define PACKAGE_VERSION "10.34-RC1"
| #define PACKAGE_STRING "PCRE2 10.34-RC1"
| #define PACKAGE_BUGREPORT ""
| #define PACKAGE_URL ""
| #define PACKAGE "pcre2"
| #define VERSION "10.34-RC1"
| #define HAVE_STDIO_H 1
| #define HAVE_STDLIB_H 1
| #define HAVE_STRING_H 1
| #define HAVE_INTTYPES_H 1
| #define HAVE_STDINT_H 1
| #define HAVE_STRINGS_H 1
| #define HAVE_SYS_STAT_H 1
| #define HAVE_SYS_TYPES_H 1
| #define HAVE_UNISTD_H 1
| #define HAVE_WCHAR_H 1
| #define STDC_HEADERS 1
| #define _ALL_SOURCE 1
| #define _DARWIN_C_SOURCE 1
| #define _GNU_SOURCE 1
| #define _HPUX_ALT_XOPEN_SOCKET_API 1
| #define _NETBSD_SOURCE 1
| #define _OPENBSD_SOURCE 1
| #define _POSIX_PTHREAD_SEMANTICS 1
| #define __STDC_WANT_IEC_60559_ATTRIBS_EXT__ 1
| #define __STDC_WANT_IEC_60559_BFP_EXT__ 1
| #define __STDC_WANT_IEC_60559_DFP_EXT__ 1
| #define __STDC_WANT_IEC_60559_FUNCS_EXT__ 1
| #define __STDC_WANT_IEC_60559_TYPES_EXT__ 1
| #define __STDC_WANT_LIB_EXT2__ 1
| #define __STDC_WANT_MATH_SPEC_FUNCS__ 1
| #define _TANDEM_SOURCE 1
| #define __EXTENSIONS__ 1
| /* end confdefs.h.  */
| #include <stddef.h>
| #ifdef HAVE_STDIO_H
| # include <stdio.h>
| #endif
| #ifdef HAVE_STDLIB_H
| # include <stdlib.h>
| #endif
| #ifdef HAVE_STRING_H
| # include <string.h>
| #endif
| #ifdef HAVE_INTTYPES_H
| # include <inttypes.h>
| #endif
| #ifdef HAVE_STDINT_H
| # include <stdint.h>
| #endif
| #ifdef HAVE_STRINGS_H
| # include <strings.h>
| #endif
| #ifdef HAVE_SYS_TYPES_H
| # include <sys/types.h>
| #endif
| #ifdef HAVE_SYS_STAT_H
| # include <sys/stat.h>
| #endif
| #ifdef HAVE_UNISTD_H
| # include <unistd.h>
| #endif
| 	        enum { N = 64 / 2 - 1 };
| int
| main (void)
| {
| static int test_array [1 - 2 * !((int64_t) (((((int64_t) 1 << N) << N) - 1) * 2 + 1)
| 		 < (int64_t) (((((int64_t) 1 << N) << N) - 1) * 2 + 2))];
| test_array [0] = 0;
| return test_array [0];
| 
|   ;
|   return 0;
| }
configure:5111: result: yes
configure:5128: checking build system type
configure:5143: result: x86_64-pc-linux-gnu
configure:5163: checking host system type
configure:5177: result: x86_64-pc-linux-gnu
configure:5577: checking how to print strings
configure:5604: result: printf
configure:5625: checking for a sed that does not truncate output
configure:5695: result: /usr/bin/sed
configure:5713: checking for grep that handles long lines and -e
configure:5777: result: /usr/bin/grep
configure:5782: checking for egrep
configure:5850: result: /usr/bin/grep -E
configure:5855: checking for fgrep
configure:5923: result: /usr/bin/grep -F
configure:5959: checking for ld used by clang
configure:6027: result: /usr/bin/ld
configure:6034: checking if the linker (/usr/bin/ld) is GNU ld
configure:6050: result: yes
configure:6062: checking for BSD- or MS-compatible name lister (nm)
configure:6117: result: /usr/bin/nm -B
configure:6257: checking the name lister (/usr/bin/nm -B) interface
configure:6265: clang -c -O2 -fno-omit-frame-pointer -gline-tables-only -fsanitize=address,fuzzer-no-link -fsanitize-address-use-after-scope -DFUZZING_BUILD_MODE_UNSAFE_FOR_PRODUCTION conftest.c >&5
configure:6268: /usr/bin/nm -B "conftest.o"
configure:6271: output
                 U __asan_init
                 U __asan_register_globals
                 U __asan_unregister_globals
                 U __asan_version_mismatch_check_v8
0000000000000000 d __unnamed_1
0000000000000000 t asan.module_ctor
0000000000000020 t asan.module_dtor
0000000000000000 B some_variable
configure:6278: result: BSD nm
configure:6281: checking whether ln -s works
configure:6285: result: yes
configure:6293: checking the maximum length of command line arguments
configure:6425: result: 1572864
configure:6473: checking how to convert x86_64-pc-linux-gnu file names to x86_64-pc-linux-gnu format
configure:6514: result: func_convert_file_noop
configure:6521: checking how to convert x86_64-pc-linux-gnu file names to toolchain format
configure:6542: result: func_convert_file_noop
configure:6549: checking for /usr/bin/ld option to reload object files
configure:6557: result: -r
configure:6636: checking for file
configure:6657: found /usr/bin/file
configure:6668: result: file
configure:6744: checking for objdump
configure:6776: result: objdump
configure:6805: checking how to recognize dependent libraries
configure:7006: result: pass_all
configure:7096: checking for dlltool
configure:7128: result: dlltool
configure:7158: checking how to associate runtime and link libraries
configure:7186: result: printf %s\n
configure:7336: checking for archiver @FILE support
configure:7354: clang -c -O2 -fno-omit-frame-pointer -gline-tables-only -fsanitize=address,fuzzer-no-link -fsanitize-address-use-after-scope -DFUZZING_BUILD_MODE_UNSAFE_FOR_PRODUCTION conftest.c >&5
configure:7354: $? = 0
configure:7358: ar cr libconftest.a @conftest.lst >&5
configure:7361: $? = 0
configure:7366: ar cr libconftest.a @conftest.lst >&5
ar: conftest.o: No such file or directory
configure:7369: $? = 1
configure:7381: result: @
configure:7444: checking for strip
configure:7465: found /usr/bin/strip
configure:7476: result: strip
configure:7553: checking for ranlib
configure:7574: found /usr/bin/ranlib
configure:7585: result: ranlib
configure:7687: checking command to parse /usr/bin/nm -B output from clang object
configure:7841: clang -c -O2 -fno-omit-frame-pointer -gline-tables-only -fsanitize=address,fuzzer-no-link -fsanitize-address-use-after-scope -DFUZZING_BUILD_MODE_UNSAFE_FOR_PRODUCTION conftest.c >&5
configure:7844: $? = 0
configure:7848: /usr/bin/nm -B conftest.o | /usr/bin/sed -n -e 's/^.*[	 ]\([ABCDGIRSTW][ABCDGIRSTW]*\)[	 ][	 ]*\([_A-Za-z][_A-Za-z0-9]*\)$/\1 \2 \2/p' | /usr/bin/sed '/ __gnu_lto/d' > conftest.nm
configure:7914: clang -o conftest -O2 -fno-omit-frame-pointer -gline-tables-only -fsanitize=address,fuzzer-no-link -fsanitize-address-use-after-scope -DFUZZING_BUILD_MODE_UNSAFE_FOR_PRODUCTION  conftest.c conftstm.o >&5
configure:7917: $? = 0
configure:7955: result: ok
configure:8002: checking for sysroot
configure:8033: result: no
configure:8040: checking for a working dd
configure:8084: result: /usr/bin/dd
configure:8088: checking how to truncate binary pipes
configure:8104: result: /usr/bin/dd bs=4096 count=1
configure:8241: clang -c -O2 -fno-omit-frame-pointer -gline-tables-only -fsanitize=address,fuzzer-no-link -fsanitize-address-use-after-scope -DFUZZING_BUILD_MODE_UNSAFE_FOR_PRODUCTION conftest.c >&5
configure:8244: $? = 0
configure:8441: checking for mt
configure:8462: found /usr/bin/mt
configure:8473: result: mt
configure:8496: checking if mt is a manifest tool
configure:8503: mt '-?'
configure:8511: result: no
configure:9232: checking for dlfcn.h
configure:9232: clang -c -O2 -fno-omit-frame-pointer -gline-tables-only -fsanitize=address,fuzzer-no-link -fsanitize-address-use-after-scope -DFUZZING_BUILD_MODE_UNSAFE_FOR_PRODUCTION conftest.c >&5
configure:9232: $? = 0
configure:9232: result: yes
configure:9489: checking for objdir
configure:9505: result: .libs
configure:9769: checking if clang supports -fno-rtti -fno-exceptions
configure:9788: clang -c -O2 -fno-omit-frame-pointer -gline-tables-only -fsanitize=address,fuzzer-no-link -fsanitize-address-use-after-scope -DFUZZING_BUILD_MODE_UNSAFE_FOR_PRODUCTION -fno-rtti -fno-exceptions conftest.c >&5
configure:9792: $? = 0
configure:9805: result: yes
configure:10169: checking for clang option to produce PIC
configure:10177: result: -fPIC -DPIC
configure:10185: checking if clang PIC flag -fPIC -DPIC works
configure:10204: clang -c -O2 -fno-omit-frame-pointer -gline-tables-only -fsanitize=address,fuzzer-no-link -fsanitize-address-use-after-scope -DFUZZING_BUILD_MODE_UNSAFE_FOR_PRODUCTION -fPIC -DPIC -DPIC conftest.c >&5
configure:10208: $? = 0
configure:10221: result: yes
configure:10250: checking if clang static flag -static works
configure:10279: result: no
configure:10294: checking if clang supports -c -o file.o
configure:10316: clang -c -O2 -fno-omit-frame-pointer -gline-tables-only -fsanitize=address,fuzzer-no-link -fsanitize-address-use-after-scope -DFUZZING_BUILD_MODE_UNSAFE_FOR_PRODUCTION -o out/conftest2.o conftest.c >&5
configure:10320: $? = 0
configure:10342: result: yes
configure:10350: checking if clang supports -c -o file.o
configure:10398: result: yes
configure:10431: checking whether the clang linker (/usr/bin/ld -m elf_x86_64) supports shared libraries
configure:11705: result: yes
configure:11946: checking dynamic linker characteristics
configure:12528: clang -o conftest -O2 -fno-omit-frame-pointer -gline-tables-only -fsanitize=address,fuzzer-no-link -fsanitize-address-use-after-scope -DFUZZING_BUILD_MODE_UNSAFE_FOR_PRODUCTION  -Wl,-rpath -Wl,/foo conftest.c  >&5
configure:12528: $? = 0
configure:12779: result: GNU/Linux ld.so
configure:12901: checking how to hardcode library paths into programs
configure:12926: result: immediate
configure:13478: checking whether stripping libraries is possible
configure:13487: result: yes
configure:13529: checking if libtool supports shared libraries
configure:13531: result: yes
configure:13534: checking whether to build shared libraries
configure:13559: result: no
configure:13562: checking whether to build static libraries
configure:13566: result: yes
configure:13603: checking whether ln -s works
configure:13607: result: yes
configure:13623: checking whether the -Werror option is usable
configure:13643: clang -c -O2 -fno-omit-frame-pointer -gline-tables-only -fsanitize=address,fuzzer-no-link -fsanitize-address-use-after-scope -Werror -DFUZZING_BUILD_MODE_UNSAFE_FOR_PRODUCTION conftest.c >&5
configure:13643: $? = 0
configure:13653: result: yes
configure:13655: checking for simple visibility declarations
configure:13683: clang -c -O2 -fno-omit-frame-pointer -gline-tables-only -fsanitize=address,fuzzer-no-link -fsanitize-address-use-after-scope -fvisibility=hidden -Werror -DFUZZING_BUILD_MODE_UNSAFE_FOR_PRODUCTION conftest.c >&5
configure:13683: $? = 0
configure:13693: result: yes
configure:14275: checking for egrep
configure:14343: result: /usr/bin/grep -E
configure:14349: checking for limits.h
configure:14349: clang -c -O2 -fno-omit-frame-pointer -gline-tables-only -fsanitize=address,fuzzer-no-link -fsanitize-address-use-after-scope -DFUZZING_BUILD_MODE_UNSAFE_FOR_PRODUCTION conftest.c >&5
configure:14349: $? = 0
configure:14349: result: yes
configure:14355: checking for sys/types.h
configure:14355: result: yes
configure:14361: checking for sys/stat.h
configure:14361: result: yes
configure:14367: checking for dirent.h
configure:14367: clang -c -O2 -fno-omit-frame-pointer -gline-tables-only -fsanitize=address,fuzzer-no-link -fsanitize-address-use-after-scope -DFUZZING_BUILD_MODE_UNSAFE_FOR_PRODUCTION conftest.c >&5
configure:14367: $? = 0
configure:14367: result: yes
configure:14376: checking for windows.h
configure:14376: clang -c -O2 -fno-omit-frame-pointer -gline-tables-only -fsanitize=address,fuzzer-no-link -fsanitize-address-use-after-scope -DFUZZING_BUILD_MODE_UNSAFE_FOR_PRODUCTION conftest.c >&5
conftest.c:77:10: fatal error: 'windows.h' file not found
#include <windows.h>
         ^~~~~~~~~~~
1 error generated.
configure:14376: $? = 1
configure: failed program was:
| /* confdefs.h */
| #define PACKAGE_NAME "PCRE2"
| #define PACKAGE_TARNAME "pcre2"
| #define PACKAGE_VERSION "10.34-RC1"
| #define PACKAGE_STRING "PCRE2 10.34-RC1"
| #define PACKAGE_BUGREPORT ""
| #define PACKAGE_URL ""
| #define PACKAGE "pcre2"
| #define VERSION "10.34-RC1"
| #define HAVE_STDIO_H 1
| #define HAVE_STDLIB_H 1
| #define HAVE_STRING_H 1
| #define HAVE_INTTYPES_H 1
| #define HAVE_STDINT_H 1
| #define HAVE_STRINGS_H 1
| #define HAVE_SYS_STAT_H 1
| #define HAVE_SYS_TYPES_H 1
| #define HAVE_UNISTD_H 1
| #define HAVE_WCHAR_H 1
| #define STDC_HEADERS 1
| #define _ALL_SOURCE 1
| #define _DARWIN_C_SOURCE 1
| #define _GNU_SOURCE 1
| #define _HPUX_ALT_XOPEN_SOCKET_API 1
| #define _NETBSD_SOURCE 1
| #define _OPENBSD_SOURCE 1
| #define _POSIX_PTHREAD_SEMANTICS 1
| #define __STDC_WANT_IEC_60559_ATTRIBS_EXT__ 1
| #define __STDC_WANT_IEC_60559_BFP_EXT__ 1
| #define __STDC_WANT_IEC_60559_DFP_EXT__ 1
| #define __STDC_WANT_IEC_60559_FUNCS_EXT__ 1
| #define __STDC_WANT_IEC_60559_TYPES_EXT__ 1
| #define __STDC_WANT_LIB_EXT2__ 1
| #define __STDC_WANT_MATH_SPEC_FUNCS__ 1
| #define _TANDEM_SOURCE 1
| #define __EXTENSIONS__ 1
| #define HAVE_DLFCN_H 1
| #define LT_OBJDIR ".libs/"
| #define PCRE2_EXP_DECL extern __attribute__ ((visibility ("default")))
| #define PCRE2_EXP_DEFN __attribute__ ((visibility ("default")))
| #define PCRE2POSIX_EXP_DECL extern __attribute__ ((visibility ("default")))
| #define PCRE2POSIX_EXP_DEFN extern __attribute__ ((visibility ("default")))
| #define HAVE_VISIBILITY 1
| #define HAVE_LIMITS_H 1
| #define HAVE_SYS_TYPES_H 1
| #define HAVE_SYS_STAT_H 1
| #define HAVE_DIRENT_H 1
| /* end confdefs.h.  */
| #include <stddef.h>
| #ifdef HAVE_STDIO_H
| # include <stdio.h>
| #endif
| #ifdef HAVE_STDLIB_H
| # include <stdlib.h>
| #endif
| #ifdef HAVE_STRING_H
| # include <string.h>
| #endif
| #ifdef HAVE_INTTYPES_H
| # include <inttypes.h>
| #endif
| #ifdef HAVE_STDINT_H
| # include <stdint.h>
| #endif
| #ifdef HAVE_STRINGS_H
| # include <strings.h>
| #endif
| #ifdef HAVE_SYS_TYPES_H
| # include <sys/types.h>
| #endif
| #ifdef HAVE_SYS_STAT_H
| # include <sys/stat.h>
| #endif
| #ifdef HAVE_UNISTD_H
| # include <unistd.h>
| #endif
| #include <windows.h>
configure:14376: result: no
configure:14386: checking for sys/wait.h
configure:14386: clang -c -O2 -fno-omit-frame-pointer -gline-tables-only -fsanitize=address,fuzzer-no-link -fsanitize-address-use-after-scope -DFUZZING_BUILD_MODE_UNSAFE_FOR_PRODUCTION conftest.c >&5
configure:14386: $? = 0
configure:14386: result: yes
configure:14476: checking for an ANSI C-conforming const
configure:14543: clang -c -O2 -fno-omit-frame-pointer -gline-tables-only -fsanitize=address,fuzzer-no-link -fsanitize-address-use-after-scope -DFUZZING_BUILD_MODE_UNSAFE_FOR_PRODUCTION conftest.c >&5
configure:14543: $? = 0
configure:14551: result: yes
configure:14559: checking for size_t
configure:14559: clang -c -O2 -fno-omit-frame-pointer -gline-tables-only -fsanitize=address,fuzzer-no-link -fsanitize-address-use-after-scope -DFUZZING_BUILD_MODE_UNSAFE_FOR_PRODUCTION conftest.c >&5
configure:14559: $? = 0
configure:14559: clang -c -O2 -fno-omit-frame-pointer -gline-tables-only -fsanitize=address,fuzzer-no-link -fsanitize-address-use-after-scope -DFUZZING_BUILD_MODE_UNSAFE_FOR_PRODUCTION conftest.c >&5
conftest.c:81:21: error: expected expression
if (sizeof ((size_t)))
                    ^
1 error generated.
configure:14559: $? = 1
configure: failed program was:
| /* confdefs.h */
| #define PACKAGE_NAME "PCRE2"
| #define PACKAGE_TARNAME "pcre2"
| #define PACKAGE_VERSION "10.34-RC1"
| #define PACKAGE_STRING "PCRE2 10.34-RC1"
| #define PACKAGE_BUGREPORT ""
| #define PACKAGE_URL ""
| #define PACKAGE "pcre2"
| #define VERSION "10.34-RC1"
| #define HAVE_STDIO_H 1
| #define HAVE_STDLIB_H 1
| #define HAVE_STRING_H 1
| #define HAVE_INTTYPES_H 1
| #define HAVE_STDINT_H 1
| #define HAVE_STRINGS_H 1
| #define HAVE_SYS_STAT_H 1
| #define HAVE_SYS_TYPES_H 1
| #define HAVE_UNISTD_H 1
| #define HAVE_WCHAR_H 1
| #define STDC_HEADERS 1
| #define _ALL_SOURCE 1
| #define _DARWIN_C_SOURCE 1
| #define _GNU_SOURCE 1
| #define _HPUX_ALT_XOPEN_SOCKET_API 1
| #define _NETBSD_SOURCE 1
| #define _OPENBSD_SOURCE 1
| #define _POSIX_PTHREAD_SEMANTICS 1
| #define __STDC_WANT_IEC_60559_ATTRIBS_EXT__ 1
| #define __STDC_WANT_IEC_60559_BFP_EXT__ 1
| #define __STDC_WANT_IEC_60559_DFP_EXT__ 1
| #define __STDC_WANT_IEC_60559_FUNCS_EXT__ 1
| #define __STDC_WANT_IEC_60559_TYPES_EXT__ 1
| #define __STDC_WANT_LIB_EXT2__ 1
| #define __STDC_WANT_MATH_SPEC_FUNCS__ 1
| #define _TANDEM_SOURCE 1
| #define __EXTENSIONS__ 1
| #define HAVE_DLFCN_H 1
| #define LT_OBJDIR ".libs/"
| #define PCRE2_EXP_DECL extern __attribute__ ((visibility ("default")))
| #define PCRE2_EXP_DEFN __attribute__ ((visibility ("default")))
| #define PCRE2POSIX_EXP_DECL extern __attribute__ ((visibility ("default")))
| #define PCRE2POSIX_EXP_DEFN extern __attribute__ ((visibility ("default")))
| #define HAVE_VISIBILITY 1
| #define HAVE_LIMITS_H 1
| #define HAVE_SYS_TYPES_H 1
| #define HAVE_SYS_STAT_H 1
| #define HAVE_DIRENT_H 1
| #define HAVE_SYS_WAIT_H 1
| /* end confdefs.h.  */
| #include <stddef.h>
| #ifdef HAVE_STDIO_H
| # include <stdio.h>
| #endif
| #ifdef HAVE_STDLIB_H
| # include <stdlib.h>
| #endif
| #ifdef HAVE_STRING_H
| # include <string.h>
| #endif
| #ifdef HAVE_INTTYPES_H
| # include <inttypes.h>
| #endif
| #ifdef HAVE_STDINT_H
| # include <stdint.h>
| #endif
| #ifdef HAVE_STRINGS_H
| # include <strings.h>
| #endif
| #ifdef HAVE_SYS_TYPES_H
| # include <sys/types.h>
| #endif
| #ifdef HAVE_SYS_STAT_H
| # include <sys/stat.h>
| #endif
| #ifdef HAVE_UNISTD_H
| # include <unistd.h>
| #endif
| int
| main (void)
| {
| if (sizeof ((size_t)))
| 	    return 0;
|   ;
|   return 0;
| }
configure:14559: result: yes
configure:14572: checking for bcopy
configure:14572: clang -o conftest -O2 -fno-omit-frame-pointer -gline-tables-only -fsanitize=address,fuzzer-no-link -fsanitize-address-use-after-scope -DFUZZING_BUILD_MODE_UNSAFE_FOR_PRODUCTION  conftest.c  >&5
configure:14572: $? = 0
configure:14572: result: yes
configure:14578: checking for memmove
configure:14578: clang -o conftest -O2 -fno-omit-frame-pointer -gline-tables-only -fsanitize=address,fuzzer-no-link -fsanitize-address-use-after-scope -DFUZZING_BUILD_MODE_UNSAFE_FOR_PRODUCTION  conftest.c  >&5
conftest.c:67:6: warning: incompatible redeclaration of library function 'memmove' [-Wincompatible-library-redeclaration]
char memmove ();
     ^
conftest.c:67:6: note: 'memmove' is a builtin with type 'void *(void *, const void *, unsigned long)'
1 warning generated.
configure:14578: $? = 0
configure:14578: result: yes
configure:14584: checking for strerror
configure:14584: clang -o conftest -O2 -fno-omit-frame-pointer -gline-tables-only -fsanitize=address,fuzzer-no-link -fsanitize-address-use-after-scope -DFUZZING_BUILD_MODE_UNSAFE_FOR_PRODUCTION  conftest.c  >&5
conftest.c:68:6: warning: incompatible redeclaration of library function 'strerror' [-Wincompatible-library-redeclaration]
char strerror ();
     ^
conftest.c:68:6: note: 'strerror' is a builtin with type 'char *(int)'
1 warning generated.
configure:14584: $? = 0
configure:14584: result: yes
configure:14590: checking for mkostemp
configure:14590: clang -o conftest -O2 -fno-omit-frame-pointer -gline-tables-only -fsanitize=address,fuzzer-no-link -fsanitize-address-use-after-scope -DFUZZING_BUILD_MODE_UNSAFE_FOR_PRODUCTION  conftest.c  >&5
configure:14590: $? = 0
configure:14590: result: yes
configure:14596: checking for secure_getenv
configure:14596: clang -o conftest -O2 -fno-omit-frame-pointer -gline-tables-only -fsanitize=address,fuzzer-no-link -fsanitize-address-use-after-scope -DFUZZING_BUILD_MODE_UNSAFE_FOR_PRODUCTION  conftest.c  >&5
configure:14596: $? = 0
configure:14596: result: yes
configure:14608: checking for zlib.h
configure:14608: clang -c -O2 -fno-omit-frame-pointer -gline-tables-only -fsanitize=address,fuzzer-no-link -fsanitize-address-use-after-scope -DFUZZING_BUILD_MODE_UNSAFE_FOR_PRODUCTION conftest.c >&5
configure:14608: $? = 0
configure:14608: result: yes
configure:14616: checking for gzopen in -lz
configure:14639: clang -o conftest -O2 -fno-omit-frame-pointer -gline-tables-only -fsanitize=address,fuzzer-no-link -fsanitize-address-use-after-scope -DFUZZING_BUILD_MODE_UNSAFE_FOR_PRODUCTION  conftest.c -lz   >&5
configure:14639: $? = 0
configure:14649: result: yes
configure:14675: checking for bzlib.h
configure:14675: clang -c -O2 -fno-omit-frame-pointer -gline-tables-only -fsanitize=address,fuzzer-no-link -fsanitize-address-use-after-scope -DFUZZING_BUILD_MODE_UNSAFE_FOR_PRODUCTION conftest.c >&5
configure:14675: $? = 0
configure:14675: result: yes
configure:14688: checking for libbz2
configure:14706: clang -o conftest -O2 -fno-omit-frame-pointer -gline-tables-only -fsanitize=address,fuzzer-no-link -fsanitize-address-use-after-scope -DFUZZING_BUILD_MODE_UNSAFE_FOR_PRODUCTION  conftest.c  -lbz2 >&5
configure:14706: $? = 0
configure:14708: result: yes
configure:16334: checking that generated files are newer than configure
configure:16340: result: done
configure:16403: creating ./config.status

## ---------------------- ##
## Running config.status. ##
## ---------------------- ##

This file was extended by PCRE2 config.status 10.34-RC1, which was
generated by GNU Autoconf 2.71.  Invocation command line was

  CONFIG_FILES    = 
  CONFIG_HEADERS  = 
  CONFIG_LINKS    = 
  CONFIG_COMMANDS = 
  $ ./config.status 

on ubuntu

config.status:1196: creating Makefile
config.status:1196: creating libpcre2-8.pc
config.status:1196: creating libpcre2-16.pc
config.status:1196: creating libpcre2-32.pc
config.status:1196: creating libpcre2-posix.pc
config.status:1196: creating pcre2-config
config.status:1196: creating src/pcre2.h
config.status:1196: creating src/config.h
config.status:1425: executing depfiles commands
config.status:1502: cd .       && sed -e '/# am--include-marker/d' Makefile         | make -f - am--depfiles
config.status:1507: $? = 0
config.status:1425: executing libtool commands
config.status:1425: executing script-chmod commands
config.status:1425: executing delete-old-chartables commands

## ---------------- ##
## Cache variables. ##
## ---------------- ##

ac_cv_build=x86_64-pc-linux-gnu
ac_cv_c_compiler_gnu=yes
ac_cv_c_const=yes
ac_cv_c_int64_t=yes
ac_cv_env_CC_set=set
ac_cv_env_CC_value=clang
ac_cv_env_CFLAGS_set=set
ac_cv_env_CFLAGS_value='-O2 -fno-omit-frame-pointer -gline-tables-only -fsanitize=address,fuzzer-no-link -fsanitize-address-use-after-scope'
ac_cv_env_CPPFLAGS_set=set
ac_cv_env_CPPFLAGS_value=-DFUZZING_BUILD_MODE_UNSAFE_FOR_PRODUCTION
ac_cv_env_GENHTML_set=
ac_cv_env_GENHTML_value=
ac_cv_env_LCOV_set=
ac_cv_env_LCOV_value=
ac_cv_env_LDFLAGS_set=
ac_cv_env_LDFLAGS_value=
ac_cv_env_LIBS_set=
ac_cv_env_LIBS_value=
ac_cv_env_LT_SYS_LIBRARY_PATH_set=
ac_cv_env_LT_SYS_LIBRARY_PATH_value=
ac_cv_env_PKG_CONFIG_LIBDIR_set=
ac_cv_env_PKG_CONFIG_LIBDIR_value=
ac_cv_env_PKG_CONFIG_PATH_set=
ac_cv_env_PKG_CONFIG_PATH_value=
ac_cv_env_PKG_CONFIG_set=
ac_cv_env_PKG_CONFIG_value=
ac_cv_env_VALGRIND_CFLAGS_set=
ac_cv_env_VALGRIND_CFLAGS_value=
ac_cv_env_VALGRIND_LIBS_set=
ac_cv_env_VALGRIND_LIBS_value=
ac_cv_env_build_alias_set=
ac_cv_env_build_alias_value=
ac_cv_env_host_alias_set=
ac_cv_env_host_alias_value=
ac_cv_env_target_alias_set=
ac_cv_env_target_alias_value=
ac_cv_func_bcopy=yes
ac_cv_func_memmove=yes
ac_cv_func_mkostemp=yes
ac_cv_func_secure_getenv=yes
ac_cv_func_strerror=yes
ac_cv_header_bzlib_h=yes
ac_cv_header_dirent_h=yes
ac_cv_header_dlfcn_h=yes
ac_cv_header_inttypes_h=yes
ac_cv_header_limits_h=yes
ac_cv_header_minix_config_h=no
ac_cv_header_stdint_h=yes
ac_cv_header_stdio_h=yes
ac_cv_header_stdlib_h=yes
ac_cv_header_string_h=yes
ac_cv_header_strings_h=yes
ac_cv_header_sys_stat_h=yes
ac_cv_header_sys_types_h=yes
ac_cv_header_sys_wait_h=yes
ac_cv_header_unistd_h=yes
ac_cv_header_wchar_h=yes
ac_cv_header_windows_h=no
ac_cv_header_zlib_h=yes
ac_cv_host=x86_64-pc-linux-gnu
ac_cv_lib_z_gzopen=yes
ac_cv_objext=o
ac_cv_path_EGREP='/usr/bin/grep -E'
ac_cv_path_FGREP='/usr/bin/grep -F'
ac_cv_path_GREP=/usr/bin/grep
ac_cv_path_SED=/usr/bin/sed
ac_cv_path_install='/usr/bin/install -c'
ac_cv_path_lt_DD=/usr/bin/dd
ac_cv_path_mkdir=/usr/bin/mkdir
ac_cv_prog_AWK=mawk
ac_cv_prog_ac_ct_AR=ar
ac_cv_prog_ac_ct_CC=clang
ac_cv_prog_ac_ct_DLLTOOL=dlltool
ac_cv_prog_ac_ct_FILECMD=file
ac_cv_prog_ac_ct_MANIFEST_TOOL=mt
ac_cv_prog_ac_ct_OBJDUMP=objdump
ac_cv_prog_ac_ct_RANLIB=ranlib
ac_cv_prog_ac_ct_STRIP=strip
ac_cv_prog_cc_c11=
ac_cv_prog_cc_g=yes
ac_cv_prog_cc_stdc=
ac_cv_prog_make_make_set=yes
ac_cv_safe_to_define___extensions__=yes
ac_cv_should_define__xopen_source=no
ac_cv_type_size_t=yes
am_cv_CC_dependencies_compiler_type=gcc3
am_cv_ar_interface=ar
am_cv_make_support_nested_variables=yes
am_cv_prog_cc_c_o=yes
lt_cv_ar_at_file=@
lt_cv_deplibs_check_method=pass_all
lt_cv_file_magic_cmd='$MAGIC_CMD'
lt_cv_file_magic_test_file=
lt_cv_ld_reload_flag=-r
lt_cv_nm_interface='BSD nm'
lt_cv_objdir=.libs
lt_cv_path_LD=/usr/bin/ld
lt_cv_path_NM='/usr/bin/nm -B'
lt_cv_path_mainfest_tool=no
lt_cv_prog_compiler_c_o=yes
lt_cv_prog_compiler_pic='-fPIC -DPIC'
lt_cv_prog_compiler_pic_works=yes
lt_cv_prog_compiler_rtti_exceptions=yes
lt_cv_prog_compiler_static_works=no
lt_cv_prog_gnu_ld=yes
lt_cv_sharedlib_from_linklib_cmd='printf %s\n'
lt_cv_shlibpath_overrides_runpath=yes
lt_cv_sys_global_symbol_pipe='/usr/bin/sed -n -e '\''s/^.*[	 ]\([ABCDGIRSTW][ABCDGIRSTW]*\)[	 ][	 ]*\([_A-Za-z][_A-Za-z0-9]*\)$/\1 \2 \2/p'\'' | /usr/bin/sed '\''/ __gnu_lto/d'\'''
lt_cv_sys_global_symbol_to_c_name_address='/usr/bin/sed -n -e '\''s/^: \(.*\) .*$/  {"\1", (void *) 0},/p'\'' -e '\''s/^[ABCDGIRSTW][ABCDGIRSTW]* .* \(.*\)$/  {"\1", (void *) \&\1},/p'\'''
lt_cv_sys_global_symbol_to_c_name_address_lib_prefix='/usr/bin/sed -n -e '\''s/^: \(.*\) .*$/  {"\1", (void *) 0},/p'\'' -e '\''s/^[ABCDGIRSTW][ABCDGIRSTW]* .* \(lib.*\)$/  {"\1", (void *) \&\1},/p'\'' -e '\''s/^[ABCDGIRSTW][ABCDGIRSTW]* .* \(.*\)$/  {"lib\1", (void *) \&\1},/p'\'''
lt_cv_sys_global_symbol_to_cdecl='/usr/bin/sed -n -e '\''s/^T .* \(.*\)$/extern int \1();/p'\'' -e '\''s/^[ABCDGIRSTW][ABCDGIRSTW]* .* \(.*\)$/extern char \1;/p'\'''
lt_cv_sys_global_symbol_to_import=
lt_cv_sys_max_cmd_len=1572864
lt_cv_to_host_file_cmd=func_convert_file_noop
lt_cv_to_tool_file_cmd=func_convert_file_noop
lt_cv_truncate_bin='/usr/bin/dd bs=4096 count=1'
pcre2_cv_cc_vis_werror=yes
pcre2_cv_cc_visibility=yes

## ----------------- ##
## Output variables. ##
## ----------------- ##

ACLOCAL='${SHELL} '\''/home/chase/Documents/Projects/libFuzzerTutorial/pcre2/BUILD/missing'\'' aclocal-1.16'
AMDEPBACKSLASH='\'
AMDEP_FALSE='#'
AMDEP_TRUE=''
AMTAR='$${TAR-tar}'
AM_BACKSLASH='\'
AM_DEFAULT_V='$(AM_DEFAULT_VERBOSITY)'
AM_DEFAULT_VERBOSITY='0'
AM_V='$(V)'
AR='ar'
AS='as'
AUTOCONF='${SHELL} '\''/home/chase/Documents/Projects/libFuzzerTutorial/pcre2/BUILD/missing'\'' autoconf'
AUTOHEADER='${SHELL} '\''/home/chase/Documents/Projects/libFuzzerTutorial/pcre2/BUILD/missing'\'' autoheader'
AUTOMAKE='${SHELL} '\''/home/chase/Documents/Projects/libFuzzerTutorial/pcre2/BUILD/missing'\'' automake-1.16'
AWK='mawk'
CC='clang'
CCDEPMODE='depmode=gcc3'
CFLAGS='-O2 -fno-omit-frame-pointer -gline-tables-only -fsanitize=address,fuzzer-no-link -fsanitize-address-use-after-scope'
CPPFLAGS='-DFUZZING_BUILD_MODE_UNSAFE_FOR_PRODUCTION'
CSCOPE='cscope'
CTAGS='ctags'
CYGPATH_W='echo'
DEFS='-DHAVE_CONFIG_H'
DEPDIR='.deps'
DISTCHECK_CONFIGURE_FLAGS='CFLAGS='\'''\'' CXXFLAGS='\'''\'' --enable-pcre2-16 --enable-pcre2-32 --enable-jit'
DLLTOOL='dlltool'
DSYMUTIL=''
DUMPBIN=''
ECHO_C=''
ECHO_N='-n'
ECHO_T=''
EGREP='/usr/bin/grep -E'
ETAGS='etags'
EXEEXT=''
EXTRA_LIBPCRE2_16_LDFLAGS='    -version-info 8:0:8'
EXTRA_LIBPCRE2_32_LDFLAGS='    -version-info 8:0:8'
EXTRA_LIBPCRE2_8_LDFLAGS='    -version-info 8:0:8'
EXTRA_LIBPCRE2_POSIX_LDFLAGS='    -version-info 2:2:0'
FGREP='/usr/bin/grep -F'
FILECMD='file'
GCOV_CFLAGS=''
GCOV_CXXFLAGS=''
GCOV_LIBS=''
GENHTML=''
GREP='/usr/bin/grep'
HAVE_VISIBILITY='1'
INSTALL_DATA='${INSTALL} -m 644'
INSTALL_PROGRAM='${INSTALL}'
INSTALL_SCRIPT='${INSTALL}'
INSTALL_STRIP_PROGRAM='$(install_sh) -c -s'
LCOV=''
LD='/usr/bin/ld -m elf_x86_64'
LDFLAGS=''
LIBBZ2=''
LIBOBJS=''
LIBREADLINE=''
LIBS=''
LIBTOOL='$(SHELL) $(top_builddir)/libtool'
LIBZ=''
LIPO=''
LN_S='ln -s'
LTLIBOBJS=''
LT_SYS_LIBRARY_PATH=''
MAKEINFO='${SHELL} '\''/home/chase/Documents/Projects/libFuzzerTutorial/pcre2/BUILD/missing'\'' makeinfo'
MANIFEST_TOOL=':'
MKDIR_P='/usr/bin/mkdir -p'
NM='/usr/bin/nm -B'
NMEDIT=''
OBJDUMP='objdump'
OBJEXT='o'
OTOOL64=''
OTOOL=''
PACKAGE='pcre2'
PACKAGE_BUGREPORT=''
PACKAGE_NAME='PCRE2'
PACKAGE_STRING='PCRE2 10.34-RC1'
PACKAGE_TARNAME='pcre2'
PACKAGE_URL=''
PACKAGE_VERSION='10.34-RC1'
PATH_SEPARATOR=':'
PCRE2_DATE='2019-04-22'
PCRE2_MAJOR='10'
PCRE2_MINOR='34'
PCRE2_PRERELEASE='-RC1'
PCRE2_STATIC_CFLAG='-DPCRE2_STATIC'
PKG_CONFIG=''
PKG_CONFIG_LIBDIR=''
PKG_CONFIG_PATH=''
PTHREAD_CC=''
PTHREAD_CFLAGS=''
PTHREAD_LIBS=''
RANLIB='ranlib'
SED='/usr/bin/sed'
SET_MAKE=''
SHELL='/bin/bash'
SHTOOL=''
STRIP='strip'
VALGRIND_CFLAGS=''
VALGRIND_LIBS=''
VERSION='10.34-RC1'
VISIBILITY_CFLAGS='-fvisibility=hidden'
VISIBILITY_CXXFLAGS='-fvisibility=hidden -fvisibility-inlines-hidden'
WITH_DEBUG_FALSE=''
WITH_DEBUG_TRUE='#'
WITH_FUZZ_SUPPORT_FALSE=''
WITH_FUZZ_SUPPORT_TRUE='#'
WITH_GCOV_FALSE=''
WITH_GCOV_TRUE='#'
WITH_JIT_FALSE=''
WITH_JIT_TRUE='#'
WITH_PCRE2_16_FALSE=''
WITH_PCRE2_16_TRUE='#'
WITH_PCRE2_32_FALSE=''
WITH_PCRE2_32_TRUE='#'
WITH_PCRE2_8_FALSE='#'
WITH_PCRE2_8_TRUE=''
WITH_REBUILD_CHARTABLES_FALSE=''
WITH_REBUILD_CHARTABLES_TRUE='#'
WITH_UNICODE_FALSE='#'
WITH_UNICODE_TRUE=''
WITH_VALGRIND_FALSE=''
WITH_VALGRIND_TRUE='#'
ac_ct_AR='ar'
ac_ct_CC='clang'
ac_ct_DUMPBIN=''
am__EXEEXT_FALSE=''
am__EXEEXT_TRUE='#'
am__fastdepCC_FALSE='#'
am__fastdepCC_TRUE=''
am__include='include'
am__isrc=''
am__leading_dot='.'
am__nodep='_no'
am__quote=''
am__tar='$${TAR-tar} chof - "$$tardir"'
am__untar='$${TAR-tar} xf -'
ax_pthread_config=''
bindir='${exec_prefix}/bin'
build='x86_64-pc-linux-gnu'
build_alias=''
build_cpu='x86_64'
build_os='linux-gnu'
build_vendor='pc'
datadir='${datarootdir}'
datarootdir='${prefix}/share'
docdir='${datarootdir}/doc/${PACKAGE_TARNAME}'
dvidir='${docdir}'
enable_pcre2_16='no'
enable_pcre2_32='no'
enable_pcre2_8='yes'
exec_prefix='${prefix}'
host='x86_64-pc-linux-gnu'
host_alias=''
host_cpu='x86_64'
host_os='linux-gnu'
host_vendor='pc'
htmldir='${docdir}/html'
includedir='${prefix}/include'
infodir='${datarootdir}/info'
install_sh='${SHELL} /home/chase/Documents/Projects/libFuzzerTutorial/pcre2/BUILD/install-sh'
libdir='${exec_prefix}/lib'
libexecdir='${exec_prefix}/libexec'
localedir='${datarootdir}/locale'
localstatedir='${prefix}/var'
mandir='${datarootdir}/man'
mkdir_p='$(MKDIR_P)'
oldincludedir='/usr/include'
pdfdir='${docdir}'
prefix='/usr/local'
program_transform_name='s,x,x,'
psdir='${docdir}'
runstatedir='${localstatedir}/run'
sbindir='${exec_prefix}/sbin'
sharedstatedir='${prefix}/com'
sysconfdir='${prefix}/etc'
target_alias=''

## ----------- ##
## confdefs.h. ##
## ----------- ##

/* confdefs.h */
#define PACKAGE_NAME "PCRE2"
#define PACKAGE_TARNAME "pcre2"
#define PACKAGE_VERSION "10.34-RC1"
#define PACKAGE_STRING "PCRE2 10.34-RC1"
#define PACKAGE_BUGREPORT ""
#define PACKAGE_URL ""
#define PACKAGE "pcre2"
#define VERSION "10.34-RC1"
#define HAVE_STDIO_H 1
#define HAVE_STDLIB_H 1
#define HAVE_STRING_H 1
#define HAVE_INTTYPES_H 1
#define HAVE_STDINT_H 1
#define HAVE_STRINGS_H 1
#define HAVE_SYS_STAT_H 1
#define HAVE_SYS_TYPES_H 1
#define HAVE_UNISTD_H 1
#define HAVE_WCHAR_H 1
#define STDC_HEADERS 1
#define _ALL_SOURCE 1
#define _DARWIN_C_SOURCE 1
#define _GNU_SOURCE 1
#define _HPUX_ALT_XOPEN_SOCKET_API 1
#define _NETBSD_SOURCE 1
#define _OPENBSD_SOURCE 1
#define _POSIX_PTHREAD_SEMANTICS 1
#define __STDC_WANT_IEC_60559_ATTRIBS_EXT__ 1
#define __STDC_WANT_IEC_60559_BFP_EXT__ 1
#define __STDC_WANT_IEC_60559_DFP_EXT__ 1
#define __STDC_WANT_IEC_60559_FUNCS_EXT__ 1
#define __STDC_WANT_IEC_60559_TYPES_EXT__ 1
#define __STDC_WANT_LIB_EXT2__ 1
#define __STDC_WANT_MATH_SPEC_FUNCS__ 1
#define _TANDEM_SOURCE 1
#define __EXTENSIONS__ 1
#define HAVE_DLFCN_H 1
#define LT_OBJDIR ".libs/"
#define PCRE2_EXP_DECL extern __attribute__ ((visibility ("default")))
#define PCRE2_EXP_DEFN __attribute__ ((visibility ("default")))
#define PCRE2POSIX_EXP_DECL extern __attribute__ ((visibility ("default")))
#define PCRE2POSIX_EXP_DEFN extern __attribute__ ((visibility ("default")))
#define HAVE_VISIBILITY 1
#define HAVE_LIMITS_H 1
#define HAVE_SYS_TYPES_H 1
#define HAVE_SYS_STAT_H 1
#define HAVE_DIRENT_H 1
#define HAVE_SYS_WAIT_H 1
#define HAVE_BCOPY 1
#define HAVE_MEMMOVE 1
#define HAVE_STRERROR 1
#define HAVE_MKOSTEMP 1
#define HAVE_SECURE_GETENV 1
#define HAVE_ZLIB_H 1
#define HAVE_BZLIB_H 1
#define PCRE2_STATIC 1
#define SUPPORT_PCRE2_8 /**/
#define SUPPORT_PCRE2GREP_CALLOUT_FORK /**/
#define SUPPORT_PCRE2GREP_CALLOUT /**/
#define SUPPORT_UNICODE /**/
#define PCRE2GREP_BUFSIZE 20480
#define PCRE2GREP_MAX_BUFSIZE 1048576
#define NEWLINE_DEFAULT 2
#define NEVER_BACKSLASH_C /**/
#define LINK_SIZE 2
#define PARENS_NEST_LIMIT 250
#define MATCH_LIMIT 1000
#define MATCH_LIMIT_DEPTH 1000
#define HEAP_LIMIT 20000000
#define MAX_NAME_SIZE 32
#define MAX_NAME_COUNT 10000

configure: exit 0
