INFO: Seed: 1916698561
INFO: Loaded 1 modules   (11232 inline 8-bit counters): 11232 [0x799070, 0x79bc50), 
INFO: Loaded 1 PC tables (11232 PCs): 11232 [0x7279b0,0x7537b0), 
INFO:        0 files found in NEW_CORPUS
INFO: -max_len is not provided; libFuzzer will not generate inputs larger than 4096 bytes
INFO: A corpus is not provided, starting from an empty corpus
#2	INITED cov: 15 ft: 16 corp: 1/1b exec/s: 0 rss: 28Mb
#8	NEW    cov: 16 ft: 17 corp: 2/5b lim: 4 exec/s: 0 rss: 28Mb L: 4/4 MS: 1 CrossOver-
#1511	NEW    cov: 17 ft: 18 corp: 3/10b lim: 17 exec/s: 0 rss: 28Mb L: 5/5 MS: 3 InsertByte-ShuffleBytes-CMP- DE: "wOF2"-
#1584	NEW    cov: 18 ft: 19 corp: 4/19b lim: 17 exec/s: 0 rss: 28Mb L: 9/9 MS: 3 ShuffleBytes-ChangeByte-PersAutoDict- DE: "wOF2"-
#1604	NEW    cov: 19 ft: 20 corp: 5/33b lim: 17 exec/s: 0 rss: 28Mb L: 14/14 MS: 5 ChangeBinInt-ShuffleBytes-InsertByte-ChangeByte-PersAutoDict- DE: "wOF2"-
#1642	REDUCE cov: 19 ft: 20 corp: 5/32b lim: 17 exec/s: 0 rss: 29Mb L: 4/14 MS: 3 ChangeBit-EraseBytes-PersAutoDict- DE: "wOF2"-
#1700	REDUCE cov: 19 ft: 20 corp: 5/31b lim: 17 exec/s: 0 rss: 29Mb L: 13/13 MS: 3 EraseBytes-CopyPart-InsertRepeatedBytes-
#2178	REDUCE cov: 19 ft: 20 corp: 5/30b lim: 21 exec/s: 0 rss: 29Mb L: 12/12 MS: 3 ChangeASCIIInt-ChangeBinInt-EraseBytes-
#3364	REDUCE cov: 19 ft: 20 corp: 5/29b lim: 29 exec/s: 0 rss: 29Mb L: 8/12 MS: 1 EraseBytes-
#6630	REDUCE cov: 20 ft: 21 corp: 6/41b lim: 58 exec/s: 0 rss: 29Mb L: 12/12 MS: 1 ChangeBinInt-
#22223	NEW    cov: 21 ft: 22 corp: 7/58b lim: 212 exec/s: 0 rss: 30Mb L: 17/17 MS: 3 EraseBytes-InsertByte-CMP- DE: "\x00\x00\x00\x00\x00\x00\x00\x11"-
#22614	NEW    cov: 22 ft: 23 corp: 8/75b lim: 212 exec/s: 0 rss: 30Mb L: 17/17 MS: 1 ChangeBit-
#31029	NEW    cov: 23 ft: 24 corp: 9/175b lim: 293 exec/s: 0 rss: 32Mb L: 100/100 MS: 5 CopyPart-ShuffleBytes-CopyPart-InsertRepeatedBytes-ChangeBinInt-
#36981	NEW    cov: 24 ft: 25 corp: 10/275b lim: 349 exec/s: 0 rss: 33Mb L: 100/100 MS: 2 ChangeBinInt-PersAutoDict- DE: "\x00\x00\x00\x00\x00\x00\x00\x11"-
#40814	NEW    cov: 26 ft: 27 corp: 11/375b lim: 381 exec/s: 0 rss: 33Mb L: 100/100 MS: 3 ChangeBinInt-ShuffleBytes-PersAutoDict- DE: "\x00\x00\x00\x00\x00\x00\x00\x11"-
	NEW_FUNC[1/2]: 0x64fcd0 in woff2::ReadBase128(woff2::Buffer*, unsigned int*) /home/chase/Documents/Projects/woff/SRC/src/variable_length.cc:94
	NEW_FUNC[2/2]: 0x65f9a0 in std::vector<woff2::Table, std::allocator<woff2::Table> >::_M_default_append(unsigned long) /usr/lib/gcc/x86_64-linux-gnu/13/../../../../include/c++/13/bits/vector.tcc:636
#43105	NEW    cov: 42 ft: 43 corp: 12/475b lim: 397 exec/s: 0 rss: 35Mb L: 100/100 MS: 1 CMP- DE: "\x01\x00\x00\x00\x00\x00\x01\x8d"-
#47007	NEW    cov: 46 ft: 49 corp: 13/575b lim: 429 exec/s: 0 rss: 42Mb L: 100/100 MS: 2 ChangeBit-PersAutoDict- DE: "\x00\x00\x00\x00\x00\x00\x00\x11"-
#47739	NEW    cov: 48 ft: 55 corp: 14/675b lim: 429 exec/s: 0 rss: 46Mb L: 100/100 MS: 2 ChangeBit-ChangeBit-
#48251	NEW    cov: 50 ft: 59 corp: 15/775b lim: 429 exec/s: 0 rss: 46Mb L: 100/100 MS: 2 ChangeBinInt-CMP- DE: "3FOw"-
#48367	NEW    cov: 52 ft: 70 corp: 16/875b lim: 429 exec/s: 0 rss: 47Mb L: 100/100 MS: 1 CopyPart-
#48928	NEW    cov: 53 ft: 71 corp: 17/975b lim: 429 exec/s: 0 rss: 48Mb L: 100/100 MS: 1 ChangeByte-
#49034	NEW    cov: 53 ft: 75 corp: 18/1075b lim: 429 exec/s: 0 rss: 48Mb L: 100/100 MS: 1 CMP- DE: "\x01\x00\x00\x00\x00\x00\x00a"-
#49130	NEW    cov: 54 ft: 78 corp: 19/1175b lim: 429 exec/s: 0 rss: 49Mb L: 100/100 MS: 1 ChangeByte-
#49147	NEW    cov: 54 ft: 79 corp: 20/1275b lim: 429 exec/s: 0 rss: 49Mb L: 100/100 MS: 2 ChangeByte-ShuffleBytes-
#49344	NEW    cov: 54 ft: 82 corp: 21/1375b lim: 429 exec/s: 0 rss: 50Mb L: 100/100 MS: 2 ChangeBinInt-ShuffleBytes-
#49446	NEW    cov: 54 ft: 84 corp: 22/1475b lim: 429 exec/s: 0 rss: 50Mb L: 100/100 MS: 2 PersAutoDict-ChangeBinInt- DE: "wOF2"-
#49737	NEW    cov: 54 ft: 86 corp: 23/1575b lim: 429 exec/s: 0 rss: 51Mb L: 100/100 MS: 1 CopyPart-
#49840	NEW    cov: 54 ft: 88 corp: 24/1675b lim: 429 exec/s: 0 rss: 51Mb L: 100/100 MS: 3 CMP-ChangeByte-CopyPart- DE: "GOw\xfc"-
#49896	NEW    cov: 54 ft: 90 corp: 25/1775b lim: 429 exec/s: 0 rss: 52Mb L: 100/100 MS: 1 ChangeByte-
#50217	NEW    cov: 55 ft: 92 corp: 26/1875b lim: 429 exec/s: 0 rss: 53Mb L: 100/100 MS: 1 ChangeBinInt-
#50408	NEW    cov: 55 ft: 93 corp: 27/1975b lim: 429 exec/s: 0 rss: 54Mb L: 100/100 MS: 1 PersAutoDict- DE: "GOw\xfc"-
#50689	NEW    cov: 55 ft: 94 corp: 28/2075b lim: 429 exec/s: 0 rss: 54Mb L: 100/100 MS: 1 ChangeByte-
#50825	NEW    cov: 55 ft: 95 corp: 29/2175b lim: 429 exec/s: 0 rss: 55Mb L: 100/100 MS: 1 ShuffleBytes-
#50868	NEW    cov: 55 ft: 96 corp: 30/2275b lim: 429 exec/s: 0 rss: 55Mb L: 100/100 MS: 3 ChangeByte-ChangeBit-ChangeByte-
#50895	NEW    cov: 55 ft: 97 corp: 31/2375b lim: 429 exec/s: 0 rss: 55Mb L: 100/100 MS: 2 ChangeByte-CMP- DE: "\xfd\xc8\xa0\xf0"-
#50902	NEW    cov: 56 ft: 98 corp: 32/2475b lim: 429 exec/s: 0 rss: 55Mb L: 100/100 MS: 2 ChangeBit-CopyPart-
#51075	NEW    cov: 57 ft: 99 corp: 33/2575b lim: 429 exec/s: 0 rss: 56Mb L: 100/100 MS: 3 PersAutoDict-CopyPart-CopyPart- DE: "\xfd\xc8\xa0\xf0"-
#51091	NEW    cov: 58 ft: 100 corp: 34/2675b lim: 429 exec/s: 0 rss: 56Mb L: 100/100 MS: 1 ChangeBinInt-
#51312	NEW    cov: 60 ft: 102 corp: 35/2775b lim: 429 exec/s: 0 rss: 60Mb L: 100/100 MS: 1 ChangeBinInt-
#51323	NEW    cov: 60 ft: 103 corp: 36/2875b lim: 429 exec/s: 0 rss: 61Mb L: 100/100 MS: 1 ChangeBinInt-
#51779	NEW    cov: 60 ft: 104 corp: 37/2975b lim: 429 exec/s: 0 rss: 62Mb L: 100/100 MS: 1 PersAutoDict- DE: "GOw\xfc"-
#52111	NEW    cov: 60 ft: 105 corp: 38/3075b lim: 429 exec/s: 0 rss: 64Mb L: 100/100 MS: 2 CopyPart-ShuffleBytes-
#52363	NEW    cov: 60 ft: 106 corp: 39/3175b lim: 429 exec/s: 0 rss: 67Mb L: 100/100 MS: 2 ChangeBinInt-CopyPart-
#52480	NEW    cov: 60 ft: 107 corp: 40/3275b lim: 429 exec/s: 0 rss: 72Mb L: 100/100 MS: 2 ChangeByte-CMP- DE: "hlyf"-
#52942	NEW    cov: 60 ft: 108 corp: 41/3375b lim: 429 exec/s: 0 rss: 74Mb L: 100/100 MS: 2 ChangeBinInt-ChangeByte-
#54331	RELOAD cov: 67 ft: 115 corp: 48/3606b lim: 437 exec/s: 54331 rss: 98Mb
#54442	NEW    cov: 67 ft: 116 corp: 49/3706b lim: 437 exec/s: 54442 rss: 98Mb L: 100/100 MS: 1 ChangeBinInt-
#54887	NEW    cov: 67 ft: 117 corp: 50/3806b lim: 437 exec/s: 54887 rss: 105Mb L: 100/100 MS: 5 ChangeBit-ShuffleBytes-ChangeByte-ChangeByte-PersAutoDict- DE: "3FOw"-
#55563	NEW    cov: 68 ft: 118 corp: 51/3906b lim: 437 exec/s: 55563 rss: 111Mb L: 100/100 MS: 1 CopyPart-
#55594	NEW    cov: 68 ft: 119 corp: 52/4006b lim: 437 exec/s: 55594 rss: 112Mb L: 100/100 MS: 1 CMP- DE: "P\xfd\xc8\xa0"-
#56496	NEW    cov: 69 ft: 120 corp: 53/4106b lim: 445 exec/s: 56496 rss: 127Mb L: 100/100 MS: 2 ChangeBinInt-CopyPart-
#57413	NEW    cov: 69 ft: 121 corp: 54/4206b lim: 453 exec/s: 57413 rss: 151Mb L: 100/100 MS: 2 ChangeByte-ChangeBinInt-
#57479	NEW    cov: 70 ft: 122 corp: 55/4306b lim: 453 exec/s: 57479 rss: 151Mb L: 100/100 MS: 1 PersAutoDict- DE: "\x01\x00\x00\x00\x00\x00\x01\x8d"-
#57965	NEW    cov: 70 ft: 123 corp: 56/4406b lim: 453 exec/s: 57965 rss: 157Mb L: 100/100 MS: 1 ChangeBinInt-
#58387	NEW    cov: 71 ft: 124 corp: 57/4506b lim: 453 exec/s: 58387 rss: 171Mb L: 100/100 MS: 2 ShuffleBytes-ChangeBit-
#58824	NEW    cov: 72 ft: 125 corp: 58/4606b lim: 453 exec/s: 58824 rss: 185Mb L: 100/100 MS: 2 ChangeBinInt-CMP- DE: "\xbc\x83\x85\xf0"-
#58870	NEW    cov: 72 ft: 126 corp: 59/4706b lim: 453 exec/s: 58870 rss: 185Mb L: 100/100 MS: 1 ChangeByte-
#59671	NEW    cov: 72 ft: 128 corp: 60/4806b lim: 453 exec/s: 59671 rss: 208Mb L: 100/100 MS: 1 ChangeBinInt-
#60517	NEW    cov: 73 ft: 129 corp: 61/4906b lim: 461 exec/s: 60517 rss: 233Mb L: 100/100 MS: 1 ShuffleBytes-
#63998	NEW    cov: 73 ft: 130 corp: 62/5006b lim: 493 exec/s: 63998 rss: 316Mb L: 100/100 MS: 1 ChangeBit-
#64084	NEW    cov: 73 ft: 131 corp: 63/5106b lim: 493 exec/s: 64084 rss: 325Mb L: 100/100 MS: 1 ChangeBinInt-
#64375	NEW    cov: 74 ft: 132 corp: 64/5206b lim: 493 exec/s: 64375 rss: 328Mb L: 100/100 MS: 1 ShuffleBytes-
#65102	NEW    cov: 74 ft: 133 corp: 65/5306b lim: 493 exec/s: 65102 rss: 328Mb L: 100/100 MS: 2 CMP-ChangeByte- DE: "2FOw"-
#66812	RELOAD cov: 79 ft: 142 corp: 72/6014b lim: 509 exec/s: 33406 rss: 353Mb
#72593	NEW    cov: 79 ft: 143 corp: 73/6114b lim: 562 exec/s: 36296 rss: 366Mb L: 100/108 MS: 1 ChangeBit-
#79445	NEW    cov: 79 ft: 144 corp: 74/6214b lim: 625 exec/s: 26481 rss: 368Mb L: 100/108 MS: 2 ShuffleBytes-CopyPart-
#85432	RELOAD cov: 79 ft: 146 corp: 75/6314b lim: 679 exec/s: 21358 rss: 369Mb
#94205	RELOAD cov: 83 ft: 160 corp: 80/6882b lim: 769 exec/s: 18841 rss: 369Mb
#103010	RELOAD cov: 88 ft: 165 corp: 82/7082b lim: 859 exec/s: 17168 rss: 369Mb
#112042	RELOAD cov: 88 ft: 167 corp: 84/7282b lim: 949 exec/s: 16006 rss: 369Mb
#121300	RELOAD cov: 89 ft: 169 corp: 86/7482b lim: 1040 exec/s: 15162 rss: 369Mb
#130368	RELOAD cov: 89 ft: 173 corp: 88/7818b lim: 1130 exec/s: 14485 rss: 369Mb
#131072	pulse  cov: 89 ft: 173 corp: 88/7818b lim: 1130 exec/s: 14563 rss: 369Mb
#134171	NEW    cov: 89 ft: 174 corp: 89/7999b lim: 1160 exec/s: 14907 rss: 369Mb L: 181/181 MS: 3 CMP-InsertRepeatedBytes-CMP- DE: "\xff\xff\xdf\x01\x00\x00\x00\x00"-"\x00\x00\x00\x00\x00\x00\x00\xb5"-
#139112	RELOAD cov: 90 ft: 175 corp: 90/8099b lim: 1200 exec/s: 13911 rss: 369Mb
#151555	RELOAD cov: 90 ft: 176 corp: 91/8280b lim: 1330 exec/s: 13777 rss: 369Mb
#181164	RELOAD cov: 90 ft: 178 corp: 93/8480b lim: 1620 exec/s: 12940 rss: 369Mb
#187737	RELOAD cov: 90 ft: 184 corp: 96/9023b lim: 1690 exec/s: 12515 rss: 369Mb
#218697	RELOAD cov: 90 ft: 185 corp: 97/9123b lim: 2000 exec/s: 12149 rss: 369Mb
#229913	RELOAD cov: 90 ft: 186 corp: 98/9223b lim: 2105 exec/s: 12100 rss: 369Mb
#239059	RELOAD cov: 90 ft: 187 corp: 99/9323b lim: 2193 exec/s: 11952 rss: 369Mb
#247130	RELOAD cov: 91 ft: 188 corp: 100/9423b lim: 2281 exec/s: 11768 rss: 369Mb
#262144	pulse  cov: 91 ft: 188 corp: 100/9423b lim: 2424 exec/s: 11397 rss: 369Mb
#263226	RELOAD cov: 91 ft: 189 corp: 101/9591b lim: 2435 exec/s: 11444 rss: 369Mb
#282187	RELOAD cov: 92 ft: 190 corp: 102/9691b lim: 2633 exec/s: 11287 rss: 369Mb
#344613	RELOAD cov: 92 ft: 193 corp: 103/9939b lim: 3249 exec/s: 11116 rss: 369Mb
	NEW_FUNC[1/16]: 0x581dc0 in BrotliInitBitReader /home/chase/Documents/Projects/woff/BROTLI/dec/bit_reader.c:18
	NEW_FUNC[2/16]: 0x581e20 in BrotliWarmupBitReader /home/chase/Documents/Projects/woff/BROTLI/dec/bit_reader.c:23
#473397	NEW    cov: 169 ft: 271 corp: 104/10039b lim: 4096 exec/s: 11009 rss: 369Mb L: 100/248 MS: 1 ChangeByte-
#481245	RELOAD cov: 173 ft: 276 corp: 106/10239b lim: 4096 exec/s: 10937 rss: 369Mb
#484481	NEW    cov: 174 ft: 286 corp: 107/10339b lim: 4096 exec/s: 11010 rss: 369Mb L: 100/248 MS: 1 ChangeByte-
#485537	NEW    cov: 175 ft: 287 corp: 108/10439b lim: 4096 exec/s: 10789 rss: 369Mb L: 100/248 MS: 1 CopyPart-
#487128	NEW    cov: 175 ft: 288 corp: 109/10539b lim: 4096 exec/s: 10825 rss: 369Mb L: 100/248 MS: 1 CopyPart-
#488560	RELOAD cov: 176 ft: 296 corp: 111/10739b lim: 4096 exec/s: 10856 rss: 369Mb
	NEW_FUNC[1/3]: 0x5c95a0 in DecodeMetaBlockLength(BrotliStateStruct*, BrotliBitReader*) /home/chase/Documents/Projects/woff/BROTLI/dec/decode.c:166
	NEW_FUNC[2/3]: 0x6359a0 in DefaultAllocFunc(void*, unsigned long) /home/chase/Documents/Projects/woff/BROTLI/dec/state.c:22
#498501	RELOAD cov: 193 ft: 314 corp: 112/10839b lim: 4096 exec/s: 10836 rss: 369Mb
#513924	NEW    cov: 193 ft: 316 corp: 113/10939b lim: 4096 exec/s: 10934 rss: 369Mb L: 100/248 MS: 1 ChangeBinInt-
#524288	pulse  cov: 193 ft: 316 corp: 113/10939b lim: 4096 exec/s: 10922 rss: 369Mb
#530818	NEW    cov: 200 ft: 323 corp: 114/11039b lim: 4096 exec/s: 10833 rss: 369Mb L: 100/248 MS: 1 ShuffleBytes-
	NEW_FUNC[1/5]: 0x5d1200 in BrotliCalculateRingBufferSize(BrotliStateStruct*, BrotliBitReader*) /home/chase/Documents/Projects/woff/BROTLI/dec/decode.c:1267
	NEW_FUNC[2/5]: 0x5d20f0 in DecodeVarLenUint8(BrotliStateStruct*, BrotliBitReader*, unsigned int*) /home/chase/Documents/Projects/woff/BROTLI/dec/decode.c:123
#532419	RELOAD cov: 260 ft: 391 corp: 118/11439b lim: 4096 exec/s: 10865 rss: 369Mb
#535935	NEW    cov: 264 ft: 399 corp: 119/11539b lim: 4096 exec/s: 10937 rss: 369Mb L: 100/248 MS: 1 ChangeBinInt-
	NEW_FUNC[1/1]: 0x635bd0 in BrotliStateCleanupAfterMetablock /home/chase/Documents/Projects/woff/BROTLI/dec/state.c:135
#536606	NEW    cov: 271 ft: 406 corp: 120/11639b lim: 4096 exec/s: 10951 rss: 369Mb L: 100/248 MS: 1 PersAutoDict- DE: "P\xfd\xc8\xa0"-
#539057	NEW    cov: 271 ft: 407 corp: 121/11739b lim: 4096 exec/s: 10781 rss: 369Mb L: 100/248 MS: 1 CopyPart-
#539433	NEW    cov: 273 ft: 409 corp: 122/11839b lim: 4096 exec/s: 10788 rss: 369Mb L: 100/248 MS: 1 ChangeBit-
#540310	NEW    cov: 273 ft: 412 corp: 123/11939b lim: 4096 exec/s: 10806 rss: 369Mb L: 100/248 MS: 2 ChangeBit-ShuffleBytes-
#541546	NEW    cov: 276 ft: 415 corp: 124/12039b lim: 4096 exec/s: 10830 rss: 369Mb L: 100/248 MS: 1 ChangeBit-
#541852	NEW    cov: 276 ft: 416 corp: 125/12139b lim: 4096 exec/s: 10837 rss: 369Mb L: 100/248 MS: 1 CopyPart-
#542878	NEW    cov: 279 ft: 419 corp: 126/12239b lim: 4096 exec/s: 10857 rss: 369Mb L: 100/248 MS: 1 ShuffleBytes-
	NEW_FUNC[1/2]: 0x5d16b0 in CopyUncompressedBlockToOutput(unsigned long*, unsigned char**, unsigned long*, BrotliStateStruct*) /home/chase/Documents/Projects/woff/BROTLI/dec/decode.c:1186
	NEW_FUNC[2/2]: 0x5d8cc0 in BrotliAllocateRingBuffer(BrotliStateStruct*) /home/chase/Documents/Projects/woff/BROTLI/dec/decode.c:1160
	NEW_FUNC[1/2]: 0x6145f0 in BrotliBuildHuffmanTable /home/chase/Documents/Projects/woff/BROTLI/dec/huffman.c:172
	NEW_FUNC[2/2]: 0x636640 in BrotliHuffmanTreeGroupInit /home/chase/Documents/Projects/woff/BROTLI/dec/state.c:162
	NEW_FUNC[1/1]: 0x615160 in BrotliBuildSimpleHuffmanTable /home/chase/Documents/Projects/woff/BROTLI/dec/huffman.c:268
#543226	RELOAD cov: 393 ft: 572 corp: 144/14039b lim: 4096 exec/s: 10651 rss: 621Mb
#543747	NEW    cov: 394 ft: 577 corp: 145/14139b lim: 4096 exec/s: 10661 rss: 621Mb L: 100/248 MS: 1 ChangeByte-
#544874	NEW    cov: 394 ft: 578 corp: 146/14239b lim: 4096 exec/s: 10683 rss: 621Mb L: 100/248 MS: 2 ChangeByte-PersAutoDict- DE: "\xbc\x83\x85\xf0"-
#545180	NEW    cov: 394 ft: 579 corp: 147/14339b lim: 4096 exec/s: 10689 rss: 621Mb L: 100/248 MS: 1 ChangeBit-
#545426	NEW    cov: 394 ft: 580 corp: 148/14439b lim: 4096 exec/s: 10694 rss: 621Mb L: 100/248 MS: 1 CMP- DE: "\xff\xff\xff\xff\xff\xff\xffI"-
#545637	NEW    cov: 394 ft: 581 corp: 149/14539b lim: 4096 exec/s: 10698 rss: 621Mb L: 100/248 MS: 1 ChangeBinInt-
#545943	NEW    cov: 404 ft: 607 corp: 150/14639b lim: 4096 exec/s: 10704 rss: 621Mb L: 100/248 MS: 1 ChangeBit-
#547255	NEW    cov: 404 ft: 608 corp: 151/14739b lim: 4096 exec/s: 10730 rss: 621Mb L: 100/248 MS: 2 CopyPart-ChangeBinInt-
#547561	NEW    cov: 415 ft: 623 corp: 152/14839b lim: 4096 exec/s: 10736 rss: 621Mb L: 100/248 MS: 1 ChangeByte-
	NEW_FUNC[1/2]: 0x5d8f80 in ProcessCommands(BrotliStateStruct*) /home/chase/Documents/Projects/woff/BROTLI/dec/decode.c:1763
	NEW_FUNC[2/2]: 0x5dcd00 in SafeProcessCommands(BrotliStateStruct*) /home/chase/Documents/Projects/woff/BROTLI/dec/decode.c:1767
#547687	NEW    cov: 431 ft: 671 corp: 153/14939b lim: 4096 exec/s: 10738 rss: 621Mb L: 100/248 MS: 1 CMP- DE: "J\x00\x00\x00"-
#548113	NEW    cov: 432 ft: 676 corp: 154/15039b lim: 4096 exec/s: 10747 rss: 621Mb L: 100/248 MS: 1 ChangeByte-
	NEW_FUNC[1/1]: 0x5e15e0 in SafeDecodeSymbol(HuffmanCode const*, BrotliBitReader*, unsigned int*) /home/chase/Documents/Projects/woff/BROTLI/dec/decode.c:311
#548144	NEW    cov: 446 ft: 697 corp: 155/15139b lim: 4096 exec/s: 10747 rss: 621Mb L: 100/248 MS: 1 ChangeBinInt-
#548621	NEW    cov: 446 ft: 707 corp: 156/15239b lim: 4096 exec/s: 10757 rss: 621Mb L: 100/248 MS: 2 ChangeByte-ChangeBit-
#548697	NEW    cov: 446 ft: 708 corp: 157/15339b lim: 4096 exec/s: 10758 rss: 621Mb L: 100/248 MS: 1 ChangeBit-
#549249	NEW    cov: 448 ft: 710 corp: 158/15439b lim: 4096 exec/s: 10769 rss: 621Mb L: 100/248 MS: 2 ChangeBinInt-ChangeBit-
#550085	NEW    cov: 448 ft: 712 corp: 159/15539b lim: 4096 exec/s: 10785 rss: 621Mb L: 100/248 MS: 1 ChangeBinInt-
#550122	NEW    cov: 448 ft: 716 corp: 160/15639b lim: 4096 exec/s: 10786 rss: 621Mb L: 100/248 MS: 2 ChangeByte-ChangeBit-
#550464	NEW    cov: 448 ft: 718 corp: 161/15739b lim: 4096 exec/s: 10793 rss: 621Mb L: 100/248 MS: 2 CopyPart-PersAutoDict- DE: "wOF2"-
#550685	NEW    cov: 452 ft: 724 corp: 162/15839b lim: 4096 exec/s: 10797 rss: 621Mb L: 100/248 MS: 1 ChangeByte-
#550881	NEW    cov: 452 ft: 725 corp: 163/15939b lim: 4096 exec/s: 10801 rss: 621Mb L: 100/248 MS: 1 ShuffleBytes-
#552582	NEW    cov: 452 ft: 726 corp: 164/16039b lim: 4096 exec/s: 10834 rss: 621Mb L: 100/248 MS: 1 ChangeBinInt-
#553173	NEW    cov: 452 ft: 727 corp: 165/16139b lim: 4096 exec/s: 10637 rss: 621Mb L: 100/248 MS: 1 ChangeBit-
#553461	NEW    cov: 453 ft: 732 corp: 166/16239b lim: 4096 exec/s: 10643 rss: 621Mb L: 100/248 MS: 3 ShuffleBytes-ChangeBit-ChangeBinInt-
#553787	NEW    cov: 453 ft: 733 corp: 167/16339b lim: 4096 exec/s: 10649 rss: 621Mb L: 100/248 MS: 1 PersAutoDict- DE: "\x00\x00\x00\x00\x00\x00\x00\x11"-
#554313	NEW    cov: 453 ft: 734 corp: 168/16Kb lim: 4096 exec/s: 10659 rss: 621Mb L: 100/248 MS: 1 ChangeBinInt-
#554324	NEW    cov: 453 ft: 735 corp: 169/16Kb lim: 4096 exec/s: 10660 rss: 621Mb L: 100/248 MS: 1 ChangeBit-
#554440	NEW    cov: 456 ft: 738 corp: 170/16Kb lim: 4096 exec/s: 10662 rss: 621Mb L: 100/248 MS: 1 ChangeByte-
#554861	NEW    cov: 457 ft: 742 corp: 171/16Kb lim: 4096 exec/s: 10670 rss: 621Mb L: 100/248 MS: 1 ChangeASCIIInt-
	NEW_FUNC[1/3]: 0x663780 in std::_Rb_tree_iterator<std::pair<std::pair<unsigned int, unsigned int> const, unsigned int> > std::_Rb_tree<std::pair<unsigned int, unsigned int>, std::pair<std::pair<unsigned int, unsigned int> const, unsigned int>, std::_Select1st<std::pair<std::pair<unsigned int, unsigned int> const, unsigned int> >, std::less<std::pair<unsigned int, unsigned int> >, std::allocator<std::pair<std::pair<unsigned int, unsigned int> const, unsigned int> > >::_M_emplace_hint_unique<std::piecewise_construct_t const&, std::tuple<std::pair<unsigned int, unsigned int> const&>, std::tuple<> >(std::_Rb_tree_const_iterator<std::pair<std::pair<unsigned int, unsigned int> const, unsigned int> >, std::piecewise_construct_t const&, std::tuple<std::pair<unsigned int, unsigned int> const&>&&, std::tuple<>&&) /usr/lib/gcc/x86_64-linux-gnu/13/../../../../include/c++/13/bits/stl_tree.h:2461
	NEW_FUNC[2/3]: 0x663ab0 in std::_Rb_tree<std::pair<unsigned int, unsigned int>, std::pair<std::pair<unsigned int, unsigned int> const, unsigned int>, std::_Select1st<std::pair<std::pair<unsigned int, unsigned int> const, unsigned int> >, std::less<std::pair<unsigned int, unsigned int> >, std::allocator<std::pair<std::pair<unsigned int, unsigned int> const, unsigned int> > >::_M_get_insert_hint_unique_pos(std::_Rb_tree_const_iterator<std::pair<std::pair<unsigned int, unsigned int> const, unsigned int> >, std::pair<unsigned int, unsigned int> const&) /usr/lib/gcc/x86_64-linux-gnu/13/../../../../include/c++/13/bits/stl_tree.h:2213
#555657	NEW    cov: 517 ft: 810 corp: 172/16Kb lim: 4096 exec/s: 10685 rss: 621Mb L: 100/248 MS: 1 ShuffleBytes-
	NEW_FUNC[1/1]: 0x5e1a20 in InverseMoveToFrontTransform(unsigned char*, unsigned int, BrotliStateStruct*) /home/chase/Documents/Projects/woff/BROTLI/dec/decode.c:834
#555772	RELOAD cov: 554 ft: 940 corp: 207/19Kb lim: 4096 exec/s: 10687 rss: 621Mb
#555989	NEW    cov: 556 ft: 942 corp: 208/19Kb lim: 4096 exec/s: 10692 rss: 621Mb L: 100/248 MS: 2 ChangeBinInt-ChangeBinInt-
#556735	NEW    cov: 556 ft: 943 corp: 209/20Kb lim: 4096 exec/s: 10504 rss: 621Mb L: 100/248 MS: 1 ShuffleBytes-
#556738	NEW    cov: 557 ft: 944 corp: 210/20Kb lim: 4096 exec/s: 10504 rss: 621Mb L: 100/248 MS: 3 ChangeBinInt-ChangeByte-ShuffleBytes-
#557575	NEW    cov: 562 ft: 956 corp: 211/20Kb lim: 4096 exec/s: 10520 rss: 621Mb L: 100/248 MS: 2 CopyPart-ChangeBinInt-
#558786	RELOAD cov: 602 ft: 1151 corp: 267/25Kb lim: 4096 exec/s: 10543 rss: 621Mb
#559704	NEW    cov: 603 ft: 1152 corp: 268/25Kb lim: 4096 exec/s: 10560 rss: 621Mb L: 100/248 MS: 3 ChangeByte-ChangeBinInt-ChangeByte-
#560032	NEW    cov: 603 ft: 1153 corp: 269/25Kb lim: 4096 exec/s: 10566 rss: 621Mb L: 100/248 MS: 3 ChangeASCIIInt-ChangeByte-CopyPart-
#561249	NEW    cov: 606 ft: 1158 corp: 270/26Kb lim: 4096 exec/s: 10589 rss: 621Mb L: 100/248 MS: 2 ChangeBinInt-ChangeBinInt-
#561601	NEW    cov: 606 ft: 1159 corp: 271/26Kb lim: 4096 exec/s: 10596 rss: 621Mb L: 100/248 MS: 2 CMP-ChangeByte- DE: "*\x00\x00\x00"-
#562567	NEW    cov: 606 ft: 1161 corp: 272/26Kb lim: 4096 exec/s: 10614 rss: 621Mb L: 100/248 MS: 1 ChangeByte-
#567333	NEW    cov: 607 ft: 1162 corp: 273/26Kb lim: 4096 exec/s: 10704 rss: 621Mb L: 100/248 MS: 1 PersAutoDict- DE: "\xbc\x83\x85\xf0"-
#568068	RELOAD cov: 639 ft: 1275 corp: 304/29Kb lim: 4096 exec/s: 10519 rss: 621Mb
#571563	RELOAD cov: 665 ft: 1365 corp: 336/32Kb lim: 4096 exec/s: 10392 rss: 621Mb
#571589	NEW    cov: 669 ft: 1387 corp: 337/32Kb lim: 4096 exec/s: 10392 rss: 621Mb L: 100/248 MS: 1 ChangeBinInt-
#572295	NEW    cov: 670 ft: 1388 corp: 338/32Kb lim: 4096 exec/s: 10405 rss: 621Mb L: 100/248 MS: 1 CMP- DE: "\x01\x00\x00\x05"-
#572673	RELOAD cov: 673 ft: 1487 corp: 368/35Kb lim: 4096 exec/s: 10046 rss: 621Mb
#577824	NEW    cov: 673 ft: 1489 corp: 369/35Kb lim: 4096 exec/s: 10137 rss: 621Mb L: 100/248 MS: 1 ChangeBinInt-
#578140	NEW    cov: 674 ft: 1493 corp: 370/35Kb lim: 4096 exec/s: 10142 rss: 621Mb L: 100/248 MS: 1 ChangeBinInt-
#578386	NEW    cov: 674 ft: 1495 corp: 371/35Kb lim: 4096 exec/s: 10147 rss: 621Mb L: 100/248 MS: 1 ChangeByte-
#581188	NEW    cov: 674 ft: 1496 corp: 372/35Kb lim: 4096 exec/s: 10020 rss: 621Mb L: 100/248 MS: 2 ChangeBit-ChangeByte-
#581719	NEW    cov: 674 ft: 1497 corp: 373/36Kb lim: 4096 exec/s: 10029 rss: 621Mb L: 100/248 MS: 1 ChangeByte-
#581940	RELOAD cov: 676 ft: 1546 corp: 398/38Kb lim: 4096 exec/s: 10033 rss: 621Mb
#582969	NEW    cov: 676 ft: 1547 corp: 399/38Kb lim: 4096 exec/s: 10051 rss: 621Mb L: 100/248 MS: 4 ShuffleBytes-ChangeBit-ChangeByte-ChangeByte-
#584940	NEW    cov: 677 ft: 1548 corp: 400/38Kb lim: 4096 exec/s: 10085 rss: 621Mb L: 100/248 MS: 1 ShuffleBytes-
#589306	NEW    cov: 679 ft: 1550 corp: 401/38Kb lim: 4096 exec/s: 10160 rss: 621Mb L: 100/248 MS: 1 ChangeByte-
#593297	NEW    cov: 679 ft: 1552 corp: 402/38Kb lim: 4096 exec/s: 10229 rss: 621Mb L: 100/248 MS: 1 ChangeByte-
#596043	NEW    cov: 679 ft: 1553 corp: 403/39Kb lim: 4096 exec/s: 10276 rss: 621Mb L: 100/248 MS: 1 ChangeByte-
#596142	NEW    cov: 679 ft: 1554 corp: 404/39Kb lim: 4096 exec/s: 10278 rss: 621Mb L: 100/248 MS: 4 ChangeBinInt-ChangeBit-ShuffleBytes-ChangeBinInt-
#596213	NEW    cov: 679 ft: 1559 corp: 405/39Kb lim: 4096 exec/s: 10279 rss: 621Mb L: 100/248 MS: 1 ChangeByte-
#596857	RELOAD cov: 690 ft: 1621 corp: 433/41Kb lim: 4096 exec/s: 9947 rss: 684Mb
#597043	NEW    cov: 690 ft: 1622 corp: 434/42Kb lim: 4096 exec/s: 9950 rss: 684Mb L: 100/248 MS: 1 ChangeByte-
#601889	NEW    cov: 690 ft: 1625 corp: 435/42Kb lim: 4096 exec/s: 10031 rss: 684Mb L: 100/248 MS: 1 CopyPart-
#613539	RELOAD cov: 694 ft: 1673 corp: 448/43Kb lim: 4096 exec/s: 10058 rss: 684Mb
#613777	NEW    cov: 695 ft: 1675 corp: 449/43Kb lim: 4096 exec/s: 10061 rss: 684Mb L: 100/248 MS: 3 ShuffleBytes-ChangeBit-ChangeByte-
#614175	NEW    cov: 696 ft: 1676 corp: 450/43Kb lim: 4096 exec/s: 10068 rss: 684Mb L: 100/248 MS: 3 ShuffleBytes-ChangeBit-ChangeBinInt-
#616904	RELOAD cov: 703 ft: 1721 corp: 466/45Kb lim: 4096 exec/s: 9950 rss: 684Mb
#620085	NEW    cov: 703 ft: 1722 corp: 467/45Kb lim: 4096 exec/s: 10001 rss: 684Mb L: 100/248 MS: 1 ChangeBit-
#620487	NEW    cov: 703 ft: 1724 corp: 468/45Kb lim: 4096 exec/s: 10007 rss: 684Mb L: 100/248 MS: 2 ChangeBinInt-PersAutoDict- DE: "\xbc\x83\x85\xf0"-
#620643	NEW    cov: 703 ft: 1725 corp: 469/45Kb lim: 4096 exec/s: 10010 rss: 684Mb L: 100/248 MS: 1 ChangeByte-
#624304	NEW    cov: 703 ft: 1726 corp: 470/45Kb lim: 4096 exec/s: 10069 rss: 684Mb L: 100/248 MS: 1 ChangeBinInt-
#628730	NEW    cov: 703 ft: 1727 corp: 471/45Kb lim: 4096 exec/s: 10140 rss: 684Mb L: 100/248 MS: 1 ChangeBinInt-
#629053	NEW    cov: 703 ft: 1728 corp: 472/45Kb lim: 4096 exec/s: 10146 rss: 684Mb L: 100/248 MS: 3 ChangeBinInt-ChangeByte-ChangeBit-
#629876	NEW    cov: 703 ft: 1729 corp: 473/45Kb lim: 4096 exec/s: 10159 rss: 684Mb L: 100/248 MS: 3 ChangeBit-CMP-ChangeASCIIInt- DE: "\x01\x1f"-
#632432	RELOAD cov: 706 ft: 1755 corp: 482/46Kb lim: 4096 exec/s: 10038 rss: 684Mb
#632494	NEW    cov: 706 ft: 1756 corp: 483/46Kb lim: 4096 exec/s: 10039 rss: 684Mb L: 100/248 MS: 2 ChangeByte-ChangeByte-
#633485	NEW    cov: 707 ft: 1757 corp: 484/46Kb lim: 4096 exec/s: 10055 rss: 684Mb L: 100/248 MS: 1 ChangeByte-
#637406	NEW    cov: 709 ft: 1759 corp: 485/47Kb lim: 4096 exec/s: 9959 rss: 684Mb L: 100/248 MS: 1 ShuffleBytes-
#639072	NEW    cov: 709 ft: 1760 corp: 486/47Kb lim: 4096 exec/s: 9985 rss: 684Mb L: 100/248 MS: 1 ChangeByte-
#640958	RELOAD cov: 719 ft: 1796 corp: 499/48Kb lim: 4096 exec/s: 10014 rss: 684Mb
#642405	NEW    cov: 719 ft: 1797 corp: 500/48Kb lim: 4096 exec/s: 10037 rss: 684Mb L: 100/248 MS: 2 ShuffleBytes-ChangeBinInt-
#644026	NEW    cov: 719 ft: 1799 corp: 501/48Kb lim: 4096 exec/s: 10062 rss: 684Mb L: 100/248 MS: 1 ChangeByte-
#645337	NEW    cov: 719 ft: 1800 corp: 502/48Kb lim: 4096 exec/s: 9928 rss: 684Mb L: 100/248 MS: 1 CopyPart-
#654943	NEW    cov: 721 ft: 1802 corp: 503/48Kb lim: 4096 exec/s: 10076 rss: 684Mb L: 100/248 MS: 1 CopyPart-
#657754	RELOAD cov: 724 ft: 1810 corp: 507/49Kb lim: 4096 exec/s: 10119 rss: 684Mb
#658084	RELOAD cov: 745 ft: 1885 corp: 541/52Kb lim: 4096 exec/s: 9537 rss: 1939Mb
#664700	NEW    cov: 747 ft: 1887 corp: 542/52Kb lim: 4096 exec/s: 9495 rss: 1939Mb L: 100/248 MS: 1 CMP- DE: "\x00\x00\x00\x00\x00\x00\x00J"-
#665089	RELOAD cov: 751 ft: 1920 corp: 555/53Kb lim: 4096 exec/s: 9367 rss: 1939Mb
#666050	NEW    cov: 751 ft: 1921 corp: 556/53Kb lim: 4096 exec/s: 9380 rss: 1939Mb L: 100/248 MS: 1 ChangeByte-
#669331	NEW    cov: 751 ft: 1922 corp: 557/54Kb lim: 4096 exec/s: 9427 rss: 1939Mb L: 100/248 MS: 1 ShuffleBytes-
#672447	NEW    cov: 752 ft: 1923 corp: 558/54Kb lim: 4096 exec/s: 9471 rss: 1939Mb L: 100/248 MS: 1 ChangeBit-
#677800	NEW    cov: 752 ft: 1924 corp: 559/54Kb lim: 4096 exec/s: 9413 rss: 1939Mb L: 100/248 MS: 3 ShuffleBytes-ShuffleBytes-PersAutoDict- DE: "2FOw"-
#685154	RELOAD cov: 756 ft: 1932 corp: 563/54Kb lim: 4096 exec/s: 9516 rss: 1939Mb
#686645	NEW    cov: 756 ft: 1936 corp: 564/54Kb lim: 4096 exec/s: 9536 rss: 1939Mb L: 100/248 MS: 1 ChangeByte-
#687031	NEW    cov: 756 ft: 1937 corp: 565/54Kb lim: 4096 exec/s: 9542 rss: 1939Mb L: 100/248 MS: 1 ShuffleBytes-
#691302	NEW    cov: 756 ft: 1947 corp: 566/54Kb lim: 4096 exec/s: 9601 rss: 1939Mb L: 100/248 MS: 1 ChangeByte-
#700097	RELOAD cov: 758 ft: 1955 corp: 570/55Kb lim: 4096 exec/s: 9590 rss: 1939Mb
#708449	NEW    cov: 758 ft: 1956 corp: 571/55Kb lim: 4096 exec/s: 9704 rss: 1939Mb L: 100/248 MS: 2 ChangeASCIIInt-CopyPart-
#709546	RELOAD cov: 760 ft: 1981 corp: 578/56Kb lim: 4096 exec/s: 9588 rss: 1939Mb
	NEW_FUNC[1/1]: 0x5e8c60 in TransformDictionaryWord(unsigned char*, unsigned char const*, int, int) /home/chase/Documents/Projects/woff/BROTLI/dec/./transform.h:261
#712306	RELOAD cov: 772 ft: 2010 corp: 591/57Kb lim: 4096 exec/s: 9372 rss: 1939Mb
#714523	RELOAD cov: 786 ft: 2029 corp: 596/57Kb lim: 4096 exec/s: 9279 rss: 1939Mb
#722399	RELOAD cov: 790 ft: 2049 corp: 606/58Kb lim: 4096 exec/s: 9144 rss: 1939Mb
#723590	NEW    cov: 790 ft: 2050 corp: 607/58Kb lim: 4096 exec/s: 9159 rss: 1939Mb L: 100/248 MS: 1 CopyPart-
#727476	NEW    cov: 791 ft: 2054 corp: 608/59Kb lim: 4096 exec/s: 9208 rss: 1939Mb L: 100/248 MS: 1 CopyPart-
#731883	RELOAD cov: 793 ft: 2061 corp: 613/59Kb lim: 4096 exec/s: 9148 rss: 1939Mb
#740034	NEW    cov: 793 ft: 2062 corp: 614/59Kb lim: 4096 exec/s: 9136 rss: 1939Mb L: 100/248 MS: 1 ShuffleBytes-
#740514	RELOAD cov: 796 ft: 2068 corp: 619/60Kb lim: 4096 exec/s: 9142 rss: 1939Mb
#754183	RELOAD cov: 799 ft: 2073 corp: 623/60Kb lim: 4096 exec/s: 9086 rss: 1939Mb
#771050	RELOAD cov: 805 ft: 2111 corp: 640/62Kb lim: 4096 exec/s: 8761 rss: 1943Mb
#771441	NEW    cov: 805 ft: 2112 corp: 641/62Kb lim: 4096 exec/s: 8766 rss: 1943Mb L: 100/248 MS: 1 ShuffleBytes-
#781634	NEW    cov: 805 ft: 2122 corp: 642/62Kb lim: 4096 exec/s: 8882 rss: 1943Mb L: 100/248 MS: 3 ShuffleBytes-ShuffleBytes-ChangeByte-
#784442	RELOAD cov: 805 ft: 2124 corp: 644/62Kb lim: 4096 exec/s: 8813 rss: 1943Mb
#794773	NEW    cov: 805 ft: 2125 corp: 645/62Kb lim: 4096 exec/s: 8830 rss: 1943Mb L: 100/248 MS: 1 ChangeByte-
#798083	RELOAD cov: 805 ft: 2137 corp: 648/62Kb lim: 4096 exec/s: 8770 rss: 1943Mb
#804387	NEW    cov: 805 ft: 2138 corp: 649/63Kb lim: 4096 exec/s: 8839 rss: 1943Mb L: 100/248 MS: 4 CopyPart-ChangeBit-CopyPart-ChangeASCIIInt-
#811151	NEW    cov: 806 ft: 2140 corp: 650/63Kb lim: 4096 exec/s: 8913 rss: 1943Mb L: 100/248 MS: 4 ChangeBit-ShuffleBytes-ChangeBit-ChangeByte-
#821872	NEW    cov: 806 ft: 2141 corp: 651/63Kb lim: 4096 exec/s: 9031 rss: 1943Mb L: 100/248 MS: 1 ChangeByte-
#837609	NEW    cov: 806 ft: 2142 corp: 652/63Kb lim: 4096 exec/s: 9204 rss: 1943Mb L: 100/248 MS: 2 ShuffleBytes-ShuffleBytes-
#838955	NEW    cov: 807 ft: 2143 corp: 653/63Kb lim: 4096 exec/s: 9219 rss: 1943Mb L: 100/248 MS: 1 ChangeBinInt-
#843721	RELOAD cov: 809 ft: 2154 corp: 659/64Kb lim: 4096 exec/s: 9170 rss: 1943Mb
#846687	NEW    cov: 809 ft: 2155 corp: 660/64Kb lim: 4096 exec/s: 9203 rss: 1943Mb L: 100/248 MS: 1 ChangeBit-
#852843	RELOAD cov: 809 ft: 2158 corp: 662/64Kb lim: 4096 exec/s: 9170 rss: 1943Mb
#854079	NEW    cov: 809 ft: 2159 corp: 663/64Kb lim: 4096 exec/s: 9183 rss: 1943Mb L: 100/248 MS: 1 ShuffleBytes-
#858945	NEW    cov: 809 ft: 2160 corp: 664/64Kb lim: 4096 exec/s: 9137 rss: 1943Mb L: 100/248 MS: 1 ChangeBinInt-
#860621	NEW    cov: 810 ft: 2161 corp: 665/64Kb lim: 4096 exec/s: 9155 rss: 1943Mb L: 100/248 MS: 1 ChangeByte-
#865028	NEW    cov: 810 ft: 2163 corp: 666/64Kb lim: 4096 exec/s: 9202 rss: 1943Mb L: 100/248 MS: 2 ChangeByte-ChangeBit-
#869184	NEW    cov: 812 ft: 2165 corp: 667/64Kb lim: 4096 exec/s: 9246 rss: 1943Mb L: 100/248 MS: 1 ChangeBinInt-
#870490	NEW    cov: 812 ft: 2167 corp: 668/64Kb lim: 4096 exec/s: 9260 rss: 1943Mb L: 100/248 MS: 1 ChangeBinInt-
#870544	RELOAD cov: 814 ft: 2170 corp: 671/65Kb lim: 4096 exec/s: 9261 rss: 1943Mb
#880275	NEW    cov: 815 ft: 2171 corp: 672/65Kb lim: 4096 exec/s: 9364 rss: 1943Mb L: 100/248 MS: 1 ChangeBit-
#880376	NEW    cov: 815 ft: 2172 corp: 673/65Kb lim: 4096 exec/s: 9365 rss: 1943Mb L: 100/248 MS: 1 ChangeBinInt-
#881697	NEW    cov: 815 ft: 2173 corp: 674/65Kb lim: 4096 exec/s: 9379 rss: 1943Mb L: 100/248 MS: 1 ChangeBinInt-
#882818	NEW    cov: 815 ft: 2174 corp: 675/65Kb lim: 4096 exec/s: 9391 rss: 1943Mb L: 100/248 MS: 1 ChangeBit-
#884000	RELOAD cov: 816 ft: 2188 corp: 687/66Kb lim: 4096 exec/s: 9305 rss: 1943Mb
#884076	NEW    cov: 816 ft: 2189 corp: 688/66Kb lim: 4096 exec/s: 9306 rss: 1943Mb L: 100/248 MS: 1 CopyPart-
#891732	NEW    cov: 816 ft: 2190 corp: 689/66Kb lim: 4096 exec/s: 9288 rss: 1943Mb L: 100/248 MS: 1 ShuffleBytes-
#894461	RELOAD cov: 817 ft: 2193 corp: 692/67Kb lim: 4096 exec/s: 9317 rss: 1943Mb
#899502	NEW    cov: 817 ft: 2195 corp: 693/67Kb lim: 4096 exec/s: 9273 rss: 1943Mb L: 100/248 MS: 1 ShuffleBytes-
#902163	NEW    cov: 817 ft: 2201 corp: 694/67Kb lim: 4096 exec/s: 9300 rss: 1943Mb L: 100/248 MS: 1 ChangeBit-
#913405	NEW    cov: 817 ft: 2203 corp: 695/67Kb lim: 4096 exec/s: 9416 rss: 1943Mb L: 100/248 MS: 2 ShuffleBytes-CopyPart-
#919154	RELOAD cov: 817 ft: 2216 corp: 697/67Kb lim: 4096 exec/s: 9475 rss: 1943Mb
#925705	NEW    cov: 817 ft: 2221 corp: 698/67Kb lim: 4096 exec/s: 9543 rss: 1943Mb L: 100/248 MS: 1 ChangeASCIIInt-
#929691	NEW    cov: 817 ft: 2222 corp: 699/67Kb lim: 4096 exec/s: 9584 rss: 1943Mb L: 100/248 MS: 1 ChangeByte-
#929858	RELOAD cov: 817 ft: 2230 corp: 705/68Kb lim: 4096 exec/s: 9488 rss: 1943Mb
#942505	NEW    cov: 817 ft: 2231 corp: 706/68Kb lim: 4096 exec/s: 9520 rss: 1943Mb L: 100/248 MS: 2 ChangeBit-ChangeBit-
#946591	RELOAD cov: 817 ft: 2237 corp: 709/68Kb lim: 4096 exec/s: 9465 rss: 1943Mb
#949782	NEW    cov: 818 ft: 2239 corp: 710/68Kb lim: 4096 exec/s: 9497 rss: 1943Mb L: 100/248 MS: 1 ChangeBit-
#956704	NEW    cov: 818 ft: 2241 corp: 711/69Kb lim: 4096 exec/s: 9567 rss: 1943Mb L: 100/248 MS: 2 ChangeBit-ChangeBit-
#957230	NEW    cov: 818 ft: 2242 corp: 712/69Kb lim: 4096 exec/s: 9572 rss: 1943Mb L: 100/248 MS: 1 PersAutoDict- DE: "J\x00\x00\x00"-
#960725	RELOAD cov: 819 ft: 2262 corp: 721/70Kb lim: 4096 exec/s: 9512 rss: 1943Mb
#970319	RELOAD cov: 824 ft: 2277 corp: 729/70Kb lim: 4096 exec/s: 9512 rss: 1943Mb
#971086	NEW    cov: 824 ft: 2278 corp: 730/70Kb lim: 4096 exec/s: 9520 rss: 1943Mb L: 100/248 MS: 2 ChangeBit-CopyPart-
#971495	NEW    cov: 824 ft: 2279 corp: 731/71Kb lim: 4096 exec/s: 9524 rss: 1943Mb L: 100/248 MS: 4 ShuffleBytes-ChangeByte-ChangeBit-ChangeBinInt-
#978636	NEW    cov: 824 ft: 2283 corp: 732/71Kb lim: 4096 exec/s: 9594 rss: 1943Mb L: 100/248 MS: 1 CopyPart-
#979832	NEW    cov: 824 ft: 2284 corp: 733/71Kb lim: 4096 exec/s: 9606 rss: 1943Mb L: 100/248 MS: 1 CopyPart-
#980523	NEW    cov: 824 ft: 2285 corp: 734/71Kb lim: 4096 exec/s: 9612 rss: 1943Mb L: 100/248 MS: 1 ChangeASCIIInt-
#980970	NEW    cov: 825 ft: 2286 corp: 735/71Kb lim: 4096 exec/s: 9523 rss: 1943Mb L: 100/248 MS: 2 ChangeBit-ChangeByte-
#990897	RELOAD cov: 826 ft: 2290 corp: 737/71Kb lim: 4096 exec/s: 9620 rss: 1943Mb
#1003851	RELOAD cov: 826 ft: 2298 corp: 741/72Kb lim: 4096 exec/s: 9652 rss: 1943Mb
#1026138	RELOAD cov: 827 ft: 2314 corp: 746/72Kb lim: 4096 exec/s: 9680 rss: 1943Mb
#1043391	NEW    cov: 827 ft: 2315 corp: 747/72Kb lim: 4096 exec/s: 9843 rss: 1943Mb L: 100/248 MS: 3 ChangeASCIIInt-CopyPart-ChangeBinInt-
#1048576	pulse  cov: 827 ft: 2315 corp: 747/72Kb lim: 4096 exec/s: 9892 rss: 1943Mb
#1060596	RELOAD cov: 827 ft: 2318 corp: 750/72Kb lim: 4096 exec/s: 9912 rss: 1943Mb
#1061900	NEW    cov: 827 ft: 2321 corp: 751/72Kb lim: 4096 exec/s: 9924 rss: 1943Mb L: 100/248 MS: 4 ChangeBinInt-ChangeBinInt-ChangeByte-CMP- DE: "\x01\x00\x00\x00\x00\x00\x00\x00"-
#1062836	NEW    cov: 827 ft: 2322 corp: 752/73Kb lim: 4096 exec/s: 9933 rss: 1943Mb L: 100/248 MS: 1 PersAutoDict- DE: "\x00\x00\x00\x00\x00\x00\x00\x11"-
#1076197	NEW    cov: 827 ft: 2323 corp: 753/73Kb lim: 4096 exec/s: 9964 rss: 1943Mb L: 100/248 MS: 1 PersAutoDict- DE: "\x01\x00\x00\x00\x00\x00\x00a"-
#1078503	NEW    cov: 828 ft: 2324 corp: 754/73Kb lim: 4096 exec/s: 9986 rss: 1943Mb L: 100/248 MS: 1 ChangeBinInt-
#1084189	NEW    cov: 828 ft: 2325 corp: 755/73Kb lim: 4096 exec/s: 9946 rss: 1943Mb L: 100/248 MS: 1 CopyPart-
#1089245	NEW    cov: 828 ft: 2326 corp: 756/73Kb lim: 4096 exec/s: 9993 rss: 1943Mb L: 100/248 MS: 1 CopyPart-
#1094134	RELOAD cov: 828 ft: 2337 corp: 760/73Kb lim: 4096 exec/s: 10037 rss: 1943Mb
#1100390	NEW    cov: 828 ft: 2338 corp: 761/73Kb lim: 4096 exec/s: 10095 rss: 1943Mb L: 100/248 MS: 1 ChangeASCIIInt-
#1116511	NEW    cov: 828 ft: 2340 corp: 762/74Kb lim: 4096 exec/s: 10150 rss: 1943Mb L: 100/248 MS: 1 ChangeBit-
#1120062	NEW    cov: 828 ft: 2341 corp: 763/74Kb lim: 4096 exec/s: 10182 rss: 1943Mb L: 100/248 MS: 1 ChangeByte-
#1121613	NEW    cov: 828 ft: 2343 corp: 764/74Kb lim: 4096 exec/s: 10196 rss: 1943Mb L: 100/248 MS: 1 ChangeASCIIInt-
#1133879	RELOAD cov: 828 ft: 2344 corp: 765/74Kb lim: 4096 exec/s: 10307 rss: 1943Mb
#1156458	RELOAD cov: 828 ft: 2350 corp: 769/74Kb lim: 4096 exec/s: 10325 rss: 1943Mb
#1160751	RELOAD cov: 829 ft: 2353 corp: 772/75Kb lim: 4096 exec/s: 10182 rss: 1943Mb
#1173698	NEW    cov: 829 ft: 2354 corp: 773/75Kb lim: 4096 exec/s: 10206 rss: 1943Mb L: 100/248 MS: 2 ChangeBinInt-CopyPart-
#1179010	NEW    cov: 829 ft: 2355 corp: 774/75Kb lim: 4096 exec/s: 10163 rss: 1943Mb L: 100/248 MS: 2 ChangeBit-ChangeBinInt-
#1179857	RELOAD cov: 829 ft: 2358 corp: 776/75Kb lim: 4096 exec/s: 10084 rss: 1943Mb
#1193594	NEW    cov: 829 ft: 2359 corp: 777/75Kb lim: 4096 exec/s: 10115 rss: 1943Mb L: 100/248 MS: 2 ChangeBinInt-ChangeBit-
#1210735	NEW    cov: 829 ft: 2360 corp: 778/75Kb lim: 4096 exec/s: 10260 rss: 1943Mb L: 100/248 MS: 1 ChangeByte-
#1227682	NEW    cov: 829 ft: 2361 corp: 779/75Kb lim: 4096 exec/s: 10404 rss: 1943Mb L: 100/248 MS: 2 ChangeBinInt-ChangeByte-
#1234424	RELOAD cov: 829 ft: 2362 corp: 780/75Kb lim: 4096 exec/s: 10201 rss: 1943Mb
#1237231	NEW    cov: 830 ft: 2363 corp: 781/75Kb lim: 4096 exec/s: 10225 rss: 1943Mb L: 100/248 MS: 2 ShuffleBytes-ChangeBinInt-
#1241598	NEW    cov: 830 ft: 2364 corp: 782/76Kb lim: 4096 exec/s: 10261 rss: 1943Mb L: 100/248 MS: 2 ChangeBinInt-ChangeBinInt-
#1251725	NEW    cov: 831 ft: 2365 corp: 783/76Kb lim: 4096 exec/s: 10260 rss: 1943Mb L: 100/248 MS: 2 ChangeASCIIInt-ChangeBit-
#1257891	NEW    cov: 831 ft: 2366 corp: 784/76Kb lim: 4096 exec/s: 10310 rss: 1943Mb L: 100/248 MS: 1 ChangeBinInt-
#1264802	RELOAD cov: 831 ft: 2367 corp: 785/76Kb lim: 4096 exec/s: 10367 rss: 1943Mb
#1268708	NEW    cov: 831 ft: 2369 corp: 786/76Kb lim: 4096 exec/s: 10399 rss: 1943Mb L: 100/248 MS: 1 ChangeBit-
#1324054	NEW    cov: 831 ft: 2370 corp: 787/76Kb lim: 4096 exec/s: 10425 rss: 1943Mb L: 100/248 MS: 1 ChangeByte-
#1325265	NEW    cov: 831 ft: 2371 corp: 788/76Kb lim: 4096 exec/s: 10435 rss: 1943Mb L: 100/248 MS: 1 ChangeBinInt-
#1330401	RELOAD cov: 831 ft: 2372 corp: 789/76Kb lim: 4096 exec/s: 10155 rss: 1973Mb
#1379017	NEW    cov: 831 ft: 2374 corp: 790/76Kb lim: 4096 exec/s: 10368 rss: 1973Mb L: 100/248 MS: 1 ShuffleBytes-
#1387273	RELOAD cov: 831 ft: 2375 corp: 791/76Kb lim: 4096 exec/s: 10352 rss: 2006Mb
#1412224	NEW    cov: 831 ft: 2376 corp: 792/76Kb lim: 4096 exec/s: 10460 rss: 2006Mb L: 100/248 MS: 1 ChangeBinInt-
#1468447	RELOAD cov: 831 ft: 2379 corp: 795/77Kb lim: 4096 exec/s: 10488 rss: 2006Mb
#1484778	NEW    cov: 831 ft: 2380 corp: 796/77Kb lim: 4096 exec/s: 10530 rss: 2006Mb L: 100/248 MS: 1 ChangeBit-
#1494584	NEW    cov: 831 ft: 2383 corp: 797/77Kb lim: 4096 exec/s: 10599 rss: 2006Mb L: 100/248 MS: 1 ChangeBit-
#1496199	RELOAD cov: 834 ft: 2396 corp: 802/77Kb lim: 4096 exec/s: 10536 rss: 2006Mb
#1497151	RELOAD cov: 836 ft: 2398 corp: 804/78Kb lim: 4096 exec/s: 10469 rss: 2006Mb
#1560942	NEW    cov: 836 ft: 2399 corp: 805/78Kb lim: 4096 exec/s: 10691 rss: 2006Mb L: 100/248 MS: 1 ChangeByte-
#1568334	RELOAD cov: 836 ft: 2400 corp: 806/78Kb lim: 4096 exec/s: 10525 rss: 2006Mb
#1588920	NEW    cov: 836 ft: 2401 corp: 807/78Kb lim: 4096 exec/s: 10592 rss: 2006Mb L: 100/248 MS: 1 ShuffleBytes-
#1599712	RELOAD cov: 836 ft: 2402 corp: 808/78Kb lim: 4096 exec/s: 10594 rss: 2006Mb
==83742== ERROR: libFuzzer: out-of-memory (malloc(2249090825))
   To change the out-of-memory limit use -rss_limit_mb=<N>

    #0 0x52b3e1 in __sanitizer_print_stack_trace /local/mnt/workspace/bcain_clang_bcain-ubuntu_23113/llvm/utils/release/final/llvm.src/projects/compiler-rt/lib/asan/asan_stack.cc:86:3
    #1 0x4761b8 in fuzzer::PrintStackTrace() /local/mnt/workspace/bcain_clang_bcain-ubuntu_23113/llvm/utils/release/final/llvm.src/projects/compiler-rt/lib/fuzzer/FuzzerUtil.cpp:205:5
    #2 0x45ab95 in fuzzer::Fuzzer::HandleMalloc(unsigned long) /local/mnt/workspace/bcain_clang_bcain-ubuntu_23113/llvm/utils/release/final/llvm.src/projects/compiler-rt/lib/fuzzer/FuzzerLoop.cpp:130:3
    #3 0x45aaaa in fuzzer::MallocHook(void const volatile*, unsigned long) /local/mnt/workspace/bcain_clang_bcain-ubuntu_23113/llvm/utils/release/final/llvm.src/projects/compiler-rt/lib/fuzzer/FuzzerLoop.cpp:99:6
    #4 0x531747 in __sanitizer::RunMallocHooks(void const*, unsigned long) /local/mnt/workspace/bcain_clang_bcain-ubuntu_23113/llvm/utils/release/final/llvm.src/projects/compiler-rt/lib/sanitizer_common/sanitizer_common.cc:299:5
    #5 0x4ac905 in __asan::Allocator::Allocate(unsigned long, unsigned long, __sanitizer::BufferedStackTrace*, __asan::AllocType, bool) /local/mnt/workspace/bcain_clang_bcain-ubuntu_23113/llvm/utils/release/final/llvm.src/projects/compiler-rt/lib/asan/asan_allocator.cc:543:5
    #6 0x4acfa9 in __asan::asan_memalign(unsigned long, unsigned long, __sanitizer::BufferedStackTrace*, __asan::AllocType) /local/mnt/workspace/bcain_clang_bcain-ubuntu_23113/llvm/utils/release/final/llvm.src/projects/compiler-rt/lib/asan/asan_allocator.cc:935:16
    #7 0x5522f2 in operator new(unsigned long) /local/mnt/workspace/bcain_clang_bcain-ubuntu_23113/llvm/utils/release/final/llvm.src/projects/compiler-rt/lib/asan/asan_new_delete.cc:99:3
    #8 0x65546c in allocate /usr/lib/gcc/x86_64-linux-gnu/13/../../../../include/c++/13/bits/new_allocator.h:151:27
    #9 0x65546c in allocate /usr/lib/gcc/x86_64-linux-gnu/13/../../../../include/c++/13/bits/alloc_traits.h:482:20
    #10 0x65546c in _M_allocate /usr/lib/gcc/x86_64-linux-gnu/13/../../../../include/c++/13/bits/stl_vector.h:381:20
    #11 0x65546c in _M_create_storage /usr/lib/gcc/x86_64-linux-gnu/13/../../../../include/c++/13/bits/stl_vector.h:398:33
    #12 0x65546c in _Vector_base /usr/lib/gcc/x86_64-linux-gnu/13/../../../../include/c++/13/bits/stl_vector.h:335:9
    #13 0x65546c in vector /usr/lib/gcc/x86_64-linux-gnu/13/../../../../include/c++/13/bits/stl_vector.h:557:9
    #14 0x65546c in woff2::ConvertWOFF2ToTTF(unsigned char const*, unsigned long, woff2::WOFF2Out*) /home/chase/Documents/Projects/woff/SRC/src/woff2_dec.cc:1274:24
    #15 0x66b901 in LLVMFuzzerTestOneInput /home/chase/Documents/Projects/woff/../FTS/woff2-2016-05-06/target.cc:13:3
    #16 0x45ceb1 in fuzzer::Fuzzer::ExecuteCallback(unsigned char const*, unsigned long) /local/mnt/workspace/bcain_clang_bcain-ubuntu_23113/llvm/utils/release/final/llvm.src/projects/compiler-rt/lib/fuzzer/FuzzerLoop.cpp:553:15
    #17 0x45c6f5 in fuzzer::Fuzzer::RunOne(unsigned char const*, unsigned long, bool, fuzzer::InputInfo*, bool*) /local/mnt/workspace/bcain_clang_bcain-ubuntu_23113/llvm/utils/release/final/llvm.src/projects/compiler-rt/lib/fuzzer/FuzzerLoop.cpp:469:3
    #18 0x45e997 in fuzzer::Fuzzer::MutateAndTestOne() /local/mnt/workspace/bcain_clang_bcain-ubuntu_23113/llvm/utils/release/final/llvm.src/projects/compiler-rt/lib/fuzzer/FuzzerLoop.cpp:695:19
    #19 0x45f6b5 in fuzzer::Fuzzer::Loop(std::Fuzzer::vector<fuzzer::SizedFile, fuzzer::fuzzer_allocator<fuzzer::SizedFile> >&) /local/mnt/workspace/bcain_clang_bcain-ubuntu_23113/llvm/utils/release/final/llvm.src/projects/compiler-rt/lib/fuzzer/FuzzerLoop.cpp:831:5
    #20 0x44d478 in fuzzer::FuzzerDriver(int*, char***, int (*)(unsigned char const*, unsigned long)) /local/mnt/workspace/bcain_clang_bcain-ubuntu_23113/llvm/utils/release/final/llvm.src/projects/compiler-rt/lib/fuzzer/FuzzerDriver.cpp:825:6
    #21 0x4768e2 in main /local/mnt/workspace/bcain_clang_bcain-ubuntu_23113/llvm/utils/release/final/llvm.src/projects/compiler-rt/lib/fuzzer/FuzzerMain.cpp:19:10
    #22 0x78c3e6e2a1c9  (/lib/x86_64-linux-gnu/libc.so.6+0x2a1c9)
    #23 0x78c3e6e2a28a in __libc_start_main (/lib/x86_64-linux-gnu/libc.so.6+0x2a28a)
    #24 0x421604 in _start (/home/chase/Documents/Projects/libFuzzerTutorial/woff/woff2-2016-05-06-fsanitize_fuzzer+0x421604)

MS: 5 ShuffleBytes-ChangeByte-ChangeBit-ChangeBinInt-ChangeBinInt-; base unit: c13fca058762f2c62fda64fb783dfe84e87e3b41
0x77,0x4f,0x46,0x32,0x0,0x0,0x0,0x0,0x0,0x0,0x0,0x64,0x0,0x3,0x2e,0x64,0xfa,0xf8,0x61,0x0,0x0,0x0,0x0,0x2a,0xfa,0xfa,0xfa,0x1,0x0,0x0,0x0,0x0,0x72,0xfa,0xfa,0x1,0x0,0xfa,0x0,0x0,0x0,0x0,0x0,0x0,0x0,0x85,0x7a,0xfa,0x6,0x88,0xb0,0xb9,0xce,0x0,0x0,0x8,0x0,0x1,0x0,0xfa,0xf9,0x64,0x0,0x0,0x0,0x0,0x64,0xfa,0xfa,0xf8,0x5a,0x0,0x0,0x0,0x0,0x0,0x1,0x0,0x0,0xff,0xff,0xff,0xff,0xff,0xff,0xff,0x7,0x0,0x1,0x0,0x0,0xfa,0x0,0xfa,0x1,0x1,0x0,0x10,0x0,0x0,
wOF2\x00\x00\x00\x00\x00\x00\x00d\x00\x03.d\xfa\xf8a\x00\x00\x00\x00*\xfa\xfa\xfa\x01\x00\x00\x00\x00r\xfa\xfa\x01\x00\xfa\x00\x00\x00\x00\x00\x00\x00\x85z\xfa\x06\x88\xb0\xb9\xce\x00\x00\x08\x00\x01\x00\xfa\xf9d\x00\x00\x00\x00d\xfa\xfa\xf8Z\x00\x00\x00\x00\x00\x01\x00\x00\xff\xff\xff\xff\xff\xff\xff\x07\x00\x01\x00\x00\xfa\x00\xfa\x01\x01\x00\x10\x00\x00
artifact_prefix='./'; Test unit written to ./oom-9d2a351837486433c5f215233c26a0e3ff6597b0
Base64: d09GMgAAAAAAAABkAAMuZPr4YQAAAAAq+vr6AQAAAABy+voBAPoAAAAAAAAAhXr6Boiwuc4AAAgAAQD6+WQAAAAAZPr6+FoAAAAAAAEAAP////////8HAAEAAPoA+gEBABAAAA==
SUMMARY: libFuzzer: out-of-memory
